2017-04-04 17:31:43 [::1][-][-][error][yii\web\HttpException:404] yii\base\InvalidRouteException: Unable to resolve the request "experience". in C:\xampp\htdocs\gradnet\vendor\yiisoft\yii2\base\Module.php:532
Stack trace:
#0 C:\xampp\htdocs\gradnet\vendor\yiisoft\yii2\web\Application.php(102): yii\base\Module->runAction('experience', Array)
#1 C:\xampp\htdocs\gradnet\vendor\yiisoft\yii2\base\Application.php(380): yii\web\Application->handleRequest(Object(yii\web\Request))
#2 C:\xampp\htdocs\gradnet\api\web\index.php(16): yii\base\Application->run()
#3 {main}

Next yii\web\NotFoundHttpException: Page not found. in C:\xampp\htdocs\gradnet\vendor\yiisoft\yii2\web\Application.php:114
Stack trace:
#0 C:\xampp\htdocs\gradnet\vendor\yiisoft\yii2\base\Application.php(380): yii\web\Application->handleRequest(Object(yii\web\Request))
#1 C:\xampp\htdocs\gradnet\api\web\index.php(16): yii\base\Application->run()
#2 {main}
2017-04-04 17:31:43 [::1][-][-][info][application] $_COOKIE = [
    '_csrf' => '3523840eb4d8a128bb5884b8858de43e6908cff4d4c28fe3ba90beb3d4a187a3a:2:{i:0;s:5:\"_csrf\";i:1;s:32:\"94e3gISllGr1WziMNy5aR9GJ5jGTe6aZ\";}'
]

$_SERVER = [
    'REDIRECT_MIBDIRS' => 'C:/xampp/php/extras/mibs'
    'REDIRECT_MYSQL_HOME' => '\\xampp\\mysql\\bin'
    'REDIRECT_OPENSSL_CONF' => 'C:/xampp/apache/bin/openssl.cnf'
    'REDIRECT_PHP_PEAR_SYSCONF_DIR' => '\\xampp\\php'
    'REDIRECT_PHPRC' => '\\xampp\\php'
    'REDIRECT_TMP' => '\\xampp\\tmp'
    'REDIRECT_STATUS' => '200'
    'MIBDIRS' => 'C:/xampp/php/extras/mibs'
    'MYSQL_HOME' => '\\xampp\\mysql\\bin'
    'OPENSSL_CONF' => 'C:/xampp/apache/bin/openssl.cnf'
    'PHP_PEAR_SYSCONF_DIR' => '\\xampp\\php'
    'PHPRC' => '\\xampp\\php'
    'TMP' => '\\xampp\\tmp'
    'HTTP_HOST' => 'localhost'
    'HTTP_CONNECTION' => 'keep-alive'
    'HTTP_CACHE_CONTROL' => 'no-cache'
    'HTTP_USER_AGENT' => 'Mozilla/5.0 (Windows NT 10.0) AppleWebKit/537.36 (KHTML, like Gecko) Chrome/57.0.2987.133 Safari/537.36'
    'HTTP_POSTMAN_TOKEN' => '084cb139-0202-556d-3912-049ca4c41261'
    'HTTP_ACCEPT' => '*/*'
    'HTTP_ACCEPT_ENCODING' => 'gzip, deflate, sdch, br'
    'HTTP_ACCEPT_LANGUAGE' => 'en-US,en;q=0.8,es;q=0.6'
    'HTTP_COOKIE' => '_csrf=3523840eb4d8a128bb5884b8858de43e6908cff4d4c28fe3ba90beb3d4a187a3a%3A2%3A%7Bi%3A0%3Bs%3A5%3A%22_csrf%22%3Bi%3A1%3Bs%3A32%3A%2294e3gISllGr1WziMNy5aR9GJ5jGTe6aZ%22%3B%7D'
    'PATH' => 'C:\\ProgramData\\Oracle\\Java\\javapath;C:\\WINDOWS\\system32;C:\\WINDOWS;C:\\WINDOWS\\System32\\Wbem;C:\\WINDOWS\\System32\\WindowsPowerShell\\v1.0\\;C:\\Program Files\\QuickTime\\QTSystem\\;C:\\Program Files\\nodejs\\;C:\\WINDOWS\\system32\\config\\systemprofile\\.dnx\\bin;C:\\Program Files\\Microsoft DNX\\Dnvm\\;C:\\Program Files\\Microsoft SQL Server\\120\\Tools\\Binn\\;C:\\Program Files\\Windows Kits\\10\\Windows Performance Toolkit\\;C:\\Program Files\\dotnet\\;C:\\Users\\Yiicti\\AppData\\Local\\Programs\\Git\\cmd;C:\\Users\\Yiicti\\AppData\\Local\\atom\\bin;C:\\Users\\Yiicti\\AppData\\Local\\Programs\\Git\\cmd;C:\\Users\\Yiicti\\AppData\\Local\\Programs\\Git\\mingw32\\bin;C:\\Users\\Yiicti\\AppData\\Local\\Programs\\Git\\usr\\bin;C:\\xampp\\php;C:\\Users\\Yiicti\\AppData\\Local\\ComposerSetup\\bin;C:\\Program Files\\Microsoft VS Code\\bin;C:\\Users\\Yiicti\\AppData\\Roaming\\npm;%USERPROFILE%\\AppData\\Local\\Microsoft\\WindowsApps;'
    'SystemRoot' => 'C:\\WINDOWS'
    'COMSPEC' => 'C:\\WINDOWS\\system32\\cmd.exe'
    'PATHEXT' => '.COM;.EXE;.BAT;.CMD;.VBS;.VBE;.JS;.JSE;.WSF;.WSH;.MSC'
    'WINDIR' => 'C:\\WINDOWS'
    'SERVER_SIGNATURE' => '<address>Apache/2.4.18 (Win32) OpenSSL/1.0.2e PHP/7.0.3 Server at localhost Port 80</address>
'
    'SERVER_SOFTWARE' => 'Apache/2.4.18 (Win32) OpenSSL/1.0.2e PHP/7.0.3'
    'SERVER_NAME' => 'localhost'
    'SERVER_ADDR' => '::1'
    'SERVER_PORT' => '80'
    'REMOTE_ADDR' => '::1'
    'DOCUMENT_ROOT' => 'C:/xampp/htdocs'
    'REQUEST_SCHEME' => 'http'
    'CONTEXT_PREFIX' => ''
    'CONTEXT_DOCUMENT_ROOT' => 'C:/xampp/htdocs'
    'SERVER_ADMIN' => 'postmaster@localhost'
    'SCRIPT_FILENAME' => 'C:/xampp/htdocs/gradnet/api/web/index.php'
    'REMOTE_PORT' => '52260'
    'REDIRECT_URL' => '/gradnet/api/web/experience'
    'GATEWAY_INTERFACE' => 'CGI/1.1'
    'SERVER_PROTOCOL' => 'HTTP/1.1'
    'REQUEST_METHOD' => 'GET'
    'QUERY_STRING' => ''
    'REQUEST_URI' => '/gradnet/api/web/experience'
    'SCRIPT_NAME' => '/gradnet/api/web/index.php'
    'PHP_SELF' => '/gradnet/api/web/index.php'
    'REQUEST_TIME_FLOAT' => 1491341503.145
    'REQUEST_TIME' => 1491341503
]
2017-04-04 17:31:43 [::1][-][-][warning][yii\log\Dispatcher::dispatch] Unable to send log via yii\debug\LogTarget: Exception (Invalid Configuration) 'yii\base\InvalidConfigException' with message 'The directory does not exist: C:/xampp/htdocs/gradnet/api/web/assets' 

in C:\xampp\htdocs\gradnet\vendor\yiisoft\yii2\web\AssetManager.php:213

Stack trace:
#0 C:\xampp\htdocs\gradnet\vendor\yiisoft\yii2\base\Object.php(107): yii\web\AssetManager->init()
#1 [internal function]: yii\base\Object->__construct(Array)
#2 C:\xampp\htdocs\gradnet\vendor\yiisoft\yii2\di\Container.php(375): ReflectionClass->newInstanceArgs(Array)
#3 C:\xampp\htdocs\gradnet\vendor\yiisoft\yii2\di\Container.php(156): yii\di\Container->build('yii\\web\\AssetMa...', Array, Array)
#4 C:\xampp\htdocs\gradnet\vendor\yiisoft\yii2\BaseYii.php(344): yii\di\Container->get('yii\\web\\AssetMa...', Array, Array)
#5 C:\xampp\htdocs\gradnet\vendor\yiisoft\yii2\di\ServiceLocator.php(135): yii\BaseYii::createObject(Array)
#6 C:\xampp\htdocs\gradnet\vendor\yiisoft\yii2\base\Application.php(605): yii\di\ServiceLocator->get('assetManager')
#7 C:\xampp\htdocs\gradnet\vendor\yiisoft\yii2\web\View.php(225): yii\base\Application->getAssetManager()
#8 C:\xampp\htdocs\gradnet\vendor\yiisoft\yii2\base\Component.php(132): yii\web\View->getAssetManager()
#9 C:\xampp\htdocs\gradnet\vendor\yiisoft\yii2-debug\panels\AssetPanel.php(53): yii\base\Component->__get('assetManager')
#10 C:\xampp\htdocs\gradnet\vendor\yiisoft\yii2-debug\LogTarget.php(54): yii\debug\panels\AssetPanel->save()
#11 C:\xampp\htdocs\gradnet\vendor\yiisoft\yii2-debug\LogTarget.php(118): yii\debug\LogTarget->export()
#12 C:\xampp\htdocs\gradnet\vendor\yiisoft\yii2\log\Dispatcher.php(188): yii\debug\LogTarget->collect(Array, true)
#13 C:\xampp\htdocs\gradnet\vendor\yiisoft\yii2\log\Logger.php(177): yii\log\Dispatcher->dispatch(Array, true)
#14 [internal function]: yii\log\Logger->flush(true)
#15 {main}
2017-04-04 17:31:43 [::1][-][-][info][application] $_COOKIE = [
    '_csrf' => '3523840eb4d8a128bb5884b8858de43e6908cff4d4c28fe3ba90beb3d4a187a3a:2:{i:0;s:5:\"_csrf\";i:1;s:32:\"94e3gISllGr1WziMNy5aR9GJ5jGTe6aZ\";}'
]

$_SERVER = [
    'REDIRECT_MIBDIRS' => 'C:/xampp/php/extras/mibs'
    'REDIRECT_MYSQL_HOME' => '\\xampp\\mysql\\bin'
    'REDIRECT_OPENSSL_CONF' => 'C:/xampp/apache/bin/openssl.cnf'
    'REDIRECT_PHP_PEAR_SYSCONF_DIR' => '\\xampp\\php'
    'REDIRECT_PHPRC' => '\\xampp\\php'
    'REDIRECT_TMP' => '\\xampp\\tmp'
    'REDIRECT_STATUS' => '200'
    'MIBDIRS' => 'C:/xampp/php/extras/mibs'
    'MYSQL_HOME' => '\\xampp\\mysql\\bin'
    'OPENSSL_CONF' => 'C:/xampp/apache/bin/openssl.cnf'
    'PHP_PEAR_SYSCONF_DIR' => '\\xampp\\php'
    'PHPRC' => '\\xampp\\php'
    'TMP' => '\\xampp\\tmp'
    'HTTP_HOST' => 'localhost'
    'HTTP_CONNECTION' => 'keep-alive'
    'HTTP_CACHE_CONTROL' => 'no-cache'
    'HTTP_USER_AGENT' => 'Mozilla/5.0 (Windows NT 10.0) AppleWebKit/537.36 (KHTML, like Gecko) Chrome/57.0.2987.133 Safari/537.36'
    'HTTP_POSTMAN_TOKEN' => '084cb139-0202-556d-3912-049ca4c41261'
    'HTTP_ACCEPT' => '*/*'
    'HTTP_ACCEPT_ENCODING' => 'gzip, deflate, sdch, br'
    'HTTP_ACCEPT_LANGUAGE' => 'en-US,en;q=0.8,es;q=0.6'
    'HTTP_COOKIE' => '_csrf=3523840eb4d8a128bb5884b8858de43e6908cff4d4c28fe3ba90beb3d4a187a3a%3A2%3A%7Bi%3A0%3Bs%3A5%3A%22_csrf%22%3Bi%3A1%3Bs%3A32%3A%2294e3gISllGr1WziMNy5aR9GJ5jGTe6aZ%22%3B%7D'
    'PATH' => 'C:\\ProgramData\\Oracle\\Java\\javapath;C:\\WINDOWS\\system32;C:\\WINDOWS;C:\\WINDOWS\\System32\\Wbem;C:\\WINDOWS\\System32\\WindowsPowerShell\\v1.0\\;C:\\Program Files\\QuickTime\\QTSystem\\;C:\\Program Files\\nodejs\\;C:\\WINDOWS\\system32\\config\\systemprofile\\.dnx\\bin;C:\\Program Files\\Microsoft DNX\\Dnvm\\;C:\\Program Files\\Microsoft SQL Server\\120\\Tools\\Binn\\;C:\\Program Files\\Windows Kits\\10\\Windows Performance Toolkit\\;C:\\Program Files\\dotnet\\;C:\\Users\\Yiicti\\AppData\\Local\\Programs\\Git\\cmd;C:\\Users\\Yiicti\\AppData\\Local\\atom\\bin;C:\\Users\\Yiicti\\AppData\\Local\\Programs\\Git\\cmd;C:\\Users\\Yiicti\\AppData\\Local\\Programs\\Git\\mingw32\\bin;C:\\Users\\Yiicti\\AppData\\Local\\Programs\\Git\\usr\\bin;C:\\xampp\\php;C:\\Users\\Yiicti\\AppData\\Local\\ComposerSetup\\bin;C:\\Program Files\\Microsoft VS Code\\bin;C:\\Users\\Yiicti\\AppData\\Roaming\\npm;%USERPROFILE%\\AppData\\Local\\Microsoft\\WindowsApps;'
    'SystemRoot' => 'C:\\WINDOWS'
    'COMSPEC' => 'C:\\WINDOWS\\system32\\cmd.exe'
    'PATHEXT' => '.COM;.EXE;.BAT;.CMD;.VBS;.VBE;.JS;.JSE;.WSF;.WSH;.MSC'
    'WINDIR' => 'C:\\WINDOWS'
    'SERVER_SIGNATURE' => '<address>Apache/2.4.18 (Win32) OpenSSL/1.0.2e PHP/7.0.3 Server at localhost Port 80</address>
'
    'SERVER_SOFTWARE' => 'Apache/2.4.18 (Win32) OpenSSL/1.0.2e PHP/7.0.3'
    'SERVER_NAME' => 'localhost'
    'SERVER_ADDR' => '::1'
    'SERVER_PORT' => '80'
    'REMOTE_ADDR' => '::1'
    'DOCUMENT_ROOT' => 'C:/xampp/htdocs'
    'REQUEST_SCHEME' => 'http'
    'CONTEXT_PREFIX' => ''
    'CONTEXT_DOCUMENT_ROOT' => 'C:/xampp/htdocs'
    'SERVER_ADMIN' => 'postmaster@localhost'
    'SCRIPT_FILENAME' => 'C:/xampp/htdocs/gradnet/api/web/index.php'
    'REMOTE_PORT' => '52260'
    'REDIRECT_URL' => '/gradnet/api/web/experience'
    'GATEWAY_INTERFACE' => 'CGI/1.1'
    'SERVER_PROTOCOL' => 'HTTP/1.1'
    'REQUEST_METHOD' => 'GET'
    'QUERY_STRING' => ''
    'REQUEST_URI' => '/gradnet/api/web/experience'
    'SCRIPT_NAME' => '/gradnet/api/web/index.php'
    'PHP_SELF' => '/gradnet/api/web/index.php'
    'REQUEST_TIME_FLOAT' => 1491341503.145
    'REQUEST_TIME' => 1491341503
]
2017-04-04 17:33:50 [::1][-][-][error][yii\web\HttpException:404] yii\base\InvalidRouteException: Unable to resolve the request "experience". in C:\xampp\htdocs\gradnet\vendor\yiisoft\yii2\base\Module.php:532
Stack trace:
#0 C:\xampp\htdocs\gradnet\vendor\yiisoft\yii2\web\Application.php(102): yii\base\Module->runAction('experience', Array)
#1 C:\xampp\htdocs\gradnet\vendor\yiisoft\yii2\base\Application.php(380): yii\web\Application->handleRequest(Object(yii\web\Request))
#2 C:\xampp\htdocs\gradnet\api\web\index.php(16): yii\base\Application->run()
#3 {main}

Next yii\web\NotFoundHttpException: Page not found. in C:\xampp\htdocs\gradnet\vendor\yiisoft\yii2\web\Application.php:114
Stack trace:
#0 C:\xampp\htdocs\gradnet\vendor\yiisoft\yii2\base\Application.php(380): yii\web\Application->handleRequest(Object(yii\web\Request))
#1 C:\xampp\htdocs\gradnet\api\web\index.php(16): yii\base\Application->run()
#2 {main}
2017-04-04 17:33:50 [::1][-][-][info][application] $_COOKIE = [
    '_csrf' => '3523840eb4d8a128bb5884b8858de43e6908cff4d4c28fe3ba90beb3d4a187a3a:2:{i:0;s:5:\"_csrf\";i:1;s:32:\"94e3gISllGr1WziMNy5aR9GJ5jGTe6aZ\";}'
]

$_SERVER = [
    'REDIRECT_MIBDIRS' => 'C:/xampp/php/extras/mibs'
    'REDIRECT_MYSQL_HOME' => '\\xampp\\mysql\\bin'
    'REDIRECT_OPENSSL_CONF' => 'C:/xampp/apache/bin/openssl.cnf'
    'REDIRECT_PHP_PEAR_SYSCONF_DIR' => '\\xampp\\php'
    'REDIRECT_PHPRC' => '\\xampp\\php'
    'REDIRECT_TMP' => '\\xampp\\tmp'
    'REDIRECT_STATUS' => '200'
    'MIBDIRS' => 'C:/xampp/php/extras/mibs'
    'MYSQL_HOME' => '\\xampp\\mysql\\bin'
    'OPENSSL_CONF' => 'C:/xampp/apache/bin/openssl.cnf'
    'PHP_PEAR_SYSCONF_DIR' => '\\xampp\\php'
    'PHPRC' => '\\xampp\\php'
    'TMP' => '\\xampp\\tmp'
    'HTTP_HOST' => 'localhost'
    'HTTP_CONNECTION' => 'keep-alive'
    'HTTP_CACHE_CONTROL' => 'no-cache'
    'HTTP_USER_AGENT' => 'Mozilla/5.0 (Windows NT 10.0) AppleWebKit/537.36 (KHTML, like Gecko) Chrome/57.0.2987.133 Safari/537.36'
    'HTTP_POSTMAN_TOKEN' => 'fd3f1d94-e47e-a14a-c9dd-4fb9cee08963'
    'HTTP_ACCEPT' => '*/*'
    'HTTP_ACCEPT_ENCODING' => 'gzip, deflate, sdch, br'
    'HTTP_ACCEPT_LANGUAGE' => 'en-US,en;q=0.8,es;q=0.6'
    'HTTP_COOKIE' => '_csrf=3523840eb4d8a128bb5884b8858de43e6908cff4d4c28fe3ba90beb3d4a187a3a%3A2%3A%7Bi%3A0%3Bs%3A5%3A%22_csrf%22%3Bi%3A1%3Bs%3A32%3A%2294e3gISllGr1WziMNy5aR9GJ5jGTe6aZ%22%3B%7D'
    'PATH' => 'C:\\ProgramData\\Oracle\\Java\\javapath;C:\\WINDOWS\\system32;C:\\WINDOWS;C:\\WINDOWS\\System32\\Wbem;C:\\WINDOWS\\System32\\WindowsPowerShell\\v1.0\\;C:\\Program Files\\QuickTime\\QTSystem\\;C:\\Program Files\\nodejs\\;C:\\WINDOWS\\system32\\config\\systemprofile\\.dnx\\bin;C:\\Program Files\\Microsoft DNX\\Dnvm\\;C:\\Program Files\\Microsoft SQL Server\\120\\Tools\\Binn\\;C:\\Program Files\\Windows Kits\\10\\Windows Performance Toolkit\\;C:\\Program Files\\dotnet\\;C:\\Users\\Yiicti\\AppData\\Local\\Programs\\Git\\cmd;C:\\Users\\Yiicti\\AppData\\Local\\atom\\bin;C:\\Users\\Yiicti\\AppData\\Local\\Programs\\Git\\cmd;C:\\Users\\Yiicti\\AppData\\Local\\Programs\\Git\\mingw32\\bin;C:\\Users\\Yiicti\\AppData\\Local\\Programs\\Git\\usr\\bin;C:\\xampp\\php;C:\\Users\\Yiicti\\AppData\\Local\\ComposerSetup\\bin;C:\\Program Files\\Microsoft VS Code\\bin;C:\\Users\\Yiicti\\AppData\\Roaming\\npm;%USERPROFILE%\\AppData\\Local\\Microsoft\\WindowsApps;'
    'SystemRoot' => 'C:\\WINDOWS'
    'COMSPEC' => 'C:\\WINDOWS\\system32\\cmd.exe'
    'PATHEXT' => '.COM;.EXE;.BAT;.CMD;.VBS;.VBE;.JS;.JSE;.WSF;.WSH;.MSC'
    'WINDIR' => 'C:\\WINDOWS'
    'SERVER_SIGNATURE' => '<address>Apache/2.4.18 (Win32) OpenSSL/1.0.2e PHP/7.0.3 Server at localhost Port 80</address>
'
    'SERVER_SOFTWARE' => 'Apache/2.4.18 (Win32) OpenSSL/1.0.2e PHP/7.0.3'
    'SERVER_NAME' => 'localhost'
    'SERVER_ADDR' => '::1'
    'SERVER_PORT' => '80'
    'REMOTE_ADDR' => '::1'
    'DOCUMENT_ROOT' => 'C:/xampp/htdocs'
    'REQUEST_SCHEME' => 'http'
    'CONTEXT_PREFIX' => ''
    'CONTEXT_DOCUMENT_ROOT' => 'C:/xampp/htdocs'
    'SERVER_ADMIN' => 'postmaster@localhost'
    'SCRIPT_FILENAME' => 'C:/xampp/htdocs/gradnet/api/web/index.php'
    'REMOTE_PORT' => '52282'
    'REDIRECT_URL' => '/gradnet/api/web/experience'
    'GATEWAY_INTERFACE' => 'CGI/1.1'
    'SERVER_PROTOCOL' => 'HTTP/1.1'
    'REQUEST_METHOD' => 'GET'
    'QUERY_STRING' => ''
    'REQUEST_URI' => '/gradnet/api/web/experience'
    'SCRIPT_NAME' => '/gradnet/api/web/index.php'
    'PHP_SELF' => '/gradnet/api/web/index.php'
    'REQUEST_TIME_FLOAT' => 1491341630.002
    'REQUEST_TIME' => 1491341630
]
2017-04-04 17:33:50 [::1][-][-][warning][yii\log\Dispatcher::dispatch] Unable to send log via yii\debug\LogTarget: Exception (Invalid Configuration) 'yii\base\InvalidConfigException' with message 'The directory does not exist: C:/xampp/htdocs/gradnet/api/web/assets' 

in C:\xampp\htdocs\gradnet\vendor\yiisoft\yii2\web\AssetManager.php:213

Stack trace:
#0 C:\xampp\htdocs\gradnet\vendor\yiisoft\yii2\base\Object.php(107): yii\web\AssetManager->init()
#1 [internal function]: yii\base\Object->__construct(Array)
#2 C:\xampp\htdocs\gradnet\vendor\yiisoft\yii2\di\Container.php(375): ReflectionClass->newInstanceArgs(Array)
#3 C:\xampp\htdocs\gradnet\vendor\yiisoft\yii2\di\Container.php(156): yii\di\Container->build('yii\\web\\AssetMa...', Array, Array)
#4 C:\xampp\htdocs\gradnet\vendor\yiisoft\yii2\BaseYii.php(344): yii\di\Container->get('yii\\web\\AssetMa...', Array, Array)
#5 C:\xampp\htdocs\gradnet\vendor\yiisoft\yii2\di\ServiceLocator.php(135): yii\BaseYii::createObject(Array)
#6 C:\xampp\htdocs\gradnet\vendor\yiisoft\yii2\base\Application.php(605): yii\di\ServiceLocator->get('assetManager')
#7 C:\xampp\htdocs\gradnet\vendor\yiisoft\yii2\web\View.php(225): yii\base\Application->getAssetManager()
#8 C:\xampp\htdocs\gradnet\vendor\yiisoft\yii2\base\Component.php(132): yii\web\View->getAssetManager()
#9 C:\xampp\htdocs\gradnet\vendor\yiisoft\yii2-debug\panels\AssetPanel.php(53): yii\base\Component->__get('assetManager')
#10 C:\xampp\htdocs\gradnet\vendor\yiisoft\yii2-debug\LogTarget.php(54): yii\debug\panels\AssetPanel->save()
#11 C:\xampp\htdocs\gradnet\vendor\yiisoft\yii2-debug\LogTarget.php(118): yii\debug\LogTarget->export()
#12 C:\xampp\htdocs\gradnet\vendor\yiisoft\yii2\log\Dispatcher.php(188): yii\debug\LogTarget->collect(Array, true)
#13 C:\xampp\htdocs\gradnet\vendor\yiisoft\yii2\log\Logger.php(177): yii\log\Dispatcher->dispatch(Array, true)
#14 [internal function]: yii\log\Logger->flush(true)
#15 {main}
2017-04-04 17:33:50 [::1][-][-][info][application] $_COOKIE = [
    '_csrf' => '3523840eb4d8a128bb5884b8858de43e6908cff4d4c28fe3ba90beb3d4a187a3a:2:{i:0;s:5:\"_csrf\";i:1;s:32:\"94e3gISllGr1WziMNy5aR9GJ5jGTe6aZ\";}'
]

$_SERVER = [
    'REDIRECT_MIBDIRS' => 'C:/xampp/php/extras/mibs'
    'REDIRECT_MYSQL_HOME' => '\\xampp\\mysql\\bin'
    'REDIRECT_OPENSSL_CONF' => 'C:/xampp/apache/bin/openssl.cnf'
    'REDIRECT_PHP_PEAR_SYSCONF_DIR' => '\\xampp\\php'
    'REDIRECT_PHPRC' => '\\xampp\\php'
    'REDIRECT_TMP' => '\\xampp\\tmp'
    'REDIRECT_STATUS' => '200'
    'MIBDIRS' => 'C:/xampp/php/extras/mibs'
    'MYSQL_HOME' => '\\xampp\\mysql\\bin'
    'OPENSSL_CONF' => 'C:/xampp/apache/bin/openssl.cnf'
    'PHP_PEAR_SYSCONF_DIR' => '\\xampp\\php'
    'PHPRC' => '\\xampp\\php'
    'TMP' => '\\xampp\\tmp'
    'HTTP_HOST' => 'localhost'
    'HTTP_CONNECTION' => 'keep-alive'
    'HTTP_CACHE_CONTROL' => 'no-cache'
    'HTTP_USER_AGENT' => 'Mozilla/5.0 (Windows NT 10.0) AppleWebKit/537.36 (KHTML, like Gecko) Chrome/57.0.2987.133 Safari/537.36'
    'HTTP_POSTMAN_TOKEN' => 'fd3f1d94-e47e-a14a-c9dd-4fb9cee08963'
    'HTTP_ACCEPT' => '*/*'
    'HTTP_ACCEPT_ENCODING' => 'gzip, deflate, sdch, br'
    'HTTP_ACCEPT_LANGUAGE' => 'en-US,en;q=0.8,es;q=0.6'
    'HTTP_COOKIE' => '_csrf=3523840eb4d8a128bb5884b8858de43e6908cff4d4c28fe3ba90beb3d4a187a3a%3A2%3A%7Bi%3A0%3Bs%3A5%3A%22_csrf%22%3Bi%3A1%3Bs%3A32%3A%2294e3gISllGr1WziMNy5aR9GJ5jGTe6aZ%22%3B%7D'
    'PATH' => 'C:\\ProgramData\\Oracle\\Java\\javapath;C:\\WINDOWS\\system32;C:\\WINDOWS;C:\\WINDOWS\\System32\\Wbem;C:\\WINDOWS\\System32\\WindowsPowerShell\\v1.0\\;C:\\Program Files\\QuickTime\\QTSystem\\;C:\\Program Files\\nodejs\\;C:\\WINDOWS\\system32\\config\\systemprofile\\.dnx\\bin;C:\\Program Files\\Microsoft DNX\\Dnvm\\;C:\\Program Files\\Microsoft SQL Server\\120\\Tools\\Binn\\;C:\\Program Files\\Windows Kits\\10\\Windows Performance Toolkit\\;C:\\Program Files\\dotnet\\;C:\\Users\\Yiicti\\AppData\\Local\\Programs\\Git\\cmd;C:\\Users\\Yiicti\\AppData\\Local\\atom\\bin;C:\\Users\\Yiicti\\AppData\\Local\\Programs\\Git\\cmd;C:\\Users\\Yiicti\\AppData\\Local\\Programs\\Git\\mingw32\\bin;C:\\Users\\Yiicti\\AppData\\Local\\Programs\\Git\\usr\\bin;C:\\xampp\\php;C:\\Users\\Yiicti\\AppData\\Local\\ComposerSetup\\bin;C:\\Program Files\\Microsoft VS Code\\bin;C:\\Users\\Yiicti\\AppData\\Roaming\\npm;%USERPROFILE%\\AppData\\Local\\Microsoft\\WindowsApps;'
    'SystemRoot' => 'C:\\WINDOWS'
    'COMSPEC' => 'C:\\WINDOWS\\system32\\cmd.exe'
    'PATHEXT' => '.COM;.EXE;.BAT;.CMD;.VBS;.VBE;.JS;.JSE;.WSF;.WSH;.MSC'
    'WINDIR' => 'C:\\WINDOWS'
    'SERVER_SIGNATURE' => '<address>Apache/2.4.18 (Win32) OpenSSL/1.0.2e PHP/7.0.3 Server at localhost Port 80</address>
'
    'SERVER_SOFTWARE' => 'Apache/2.4.18 (Win32) OpenSSL/1.0.2e PHP/7.0.3'
    'SERVER_NAME' => 'localhost'
    'SERVER_ADDR' => '::1'
    'SERVER_PORT' => '80'
    'REMOTE_ADDR' => '::1'
    'DOCUMENT_ROOT' => 'C:/xampp/htdocs'
    'REQUEST_SCHEME' => 'http'
    'CONTEXT_PREFIX' => ''
    'CONTEXT_DOCUMENT_ROOT' => 'C:/xampp/htdocs'
    'SERVER_ADMIN' => 'postmaster@localhost'
    'SCRIPT_FILENAME' => 'C:/xampp/htdocs/gradnet/api/web/index.php'
    'REMOTE_PORT' => '52282'
    'REDIRECT_URL' => '/gradnet/api/web/experience'
    'GATEWAY_INTERFACE' => 'CGI/1.1'
    'SERVER_PROTOCOL' => 'HTTP/1.1'
    'REQUEST_METHOD' => 'GET'
    'QUERY_STRING' => ''
    'REQUEST_URI' => '/gradnet/api/web/experience'
    'SCRIPT_NAME' => '/gradnet/api/web/index.php'
    'PHP_SELF' => '/gradnet/api/web/index.php'
    'REQUEST_TIME_FLOAT' => 1491341630.002
    'REQUEST_TIME' => 1491341630
]
2017-04-04 17:37:01 [::1][-][-][error][yii\web\HttpException:404] yii\base\InvalidRouteException: Unable to resolve the request "experience". in C:\xampp\htdocs\gradnet\vendor\yiisoft\yii2\base\Module.php:532
Stack trace:
#0 C:\xampp\htdocs\gradnet\vendor\yiisoft\yii2\web\Application.php(102): yii\base\Module->runAction('experience', Array)
#1 C:\xampp\htdocs\gradnet\vendor\yiisoft\yii2\base\Application.php(380): yii\web\Application->handleRequest(Object(yii\web\Request))
#2 C:\xampp\htdocs\gradnet\api\web\index.php(16): yii\base\Application->run()
#3 {main}

Next yii\web\NotFoundHttpException: Page not found. in C:\xampp\htdocs\gradnet\vendor\yiisoft\yii2\web\Application.php:114
Stack trace:
#0 C:\xampp\htdocs\gradnet\vendor\yiisoft\yii2\base\Application.php(380): yii\web\Application->handleRequest(Object(yii\web\Request))
#1 C:\xampp\htdocs\gradnet\api\web\index.php(16): yii\base\Application->run()
#2 {main}
2017-04-04 17:37:01 [::1][-][-][info][application] $_COOKIE = [
    '_csrf' => '3523840eb4d8a128bb5884b8858de43e6908cff4d4c28fe3ba90beb3d4a187a3a:2:{i:0;s:5:\"_csrf\";i:1;s:32:\"94e3gISllGr1WziMNy5aR9GJ5jGTe6aZ\";}'
]

$_SERVER = [
    'REDIRECT_MIBDIRS' => 'C:/xampp/php/extras/mibs'
    'REDIRECT_MYSQL_HOME' => '\\xampp\\mysql\\bin'
    'REDIRECT_OPENSSL_CONF' => 'C:/xampp/apache/bin/openssl.cnf'
    'REDIRECT_PHP_PEAR_SYSCONF_DIR' => '\\xampp\\php'
    'REDIRECT_PHPRC' => '\\xampp\\php'
    'REDIRECT_TMP' => '\\xampp\\tmp'
    'REDIRECT_STATUS' => '200'
    'MIBDIRS' => 'C:/xampp/php/extras/mibs'
    'MYSQL_HOME' => '\\xampp\\mysql\\bin'
    'OPENSSL_CONF' => 'C:/xampp/apache/bin/openssl.cnf'
    'PHP_PEAR_SYSCONF_DIR' => '\\xampp\\php'
    'PHPRC' => '\\xampp\\php'
    'TMP' => '\\xampp\\tmp'
    'HTTP_HOST' => 'localhost'
    'HTTP_CONNECTION' => 'keep-alive'
    'HTTP_CACHE_CONTROL' => 'no-cache'
    'HTTP_USER_AGENT' => 'Mozilla/5.0 (Windows NT 10.0) AppleWebKit/537.36 (KHTML, like Gecko) Chrome/57.0.2987.133 Safari/537.36'
    'HTTP_POSTMAN_TOKEN' => '2de00f23-11d8-4968-f52b-62df2237fd7d'
    'HTTP_ACCEPT' => '*/*'
    'HTTP_ACCEPT_ENCODING' => 'gzip, deflate, sdch, br'
    'HTTP_ACCEPT_LANGUAGE' => 'en-US,en;q=0.8,es;q=0.6'
    'HTTP_COOKIE' => '_csrf=3523840eb4d8a128bb5884b8858de43e6908cff4d4c28fe3ba90beb3d4a187a3a%3A2%3A%7Bi%3A0%3Bs%3A5%3A%22_csrf%22%3Bi%3A1%3Bs%3A32%3A%2294e3gISllGr1WziMNy5aR9GJ5jGTe6aZ%22%3B%7D'
    'PATH' => 'C:\\ProgramData\\Oracle\\Java\\javapath;C:\\WINDOWS\\system32;C:\\WINDOWS;C:\\WINDOWS\\System32\\Wbem;C:\\WINDOWS\\System32\\WindowsPowerShell\\v1.0\\;C:\\Program Files\\QuickTime\\QTSystem\\;C:\\Program Files\\nodejs\\;C:\\WINDOWS\\system32\\config\\systemprofile\\.dnx\\bin;C:\\Program Files\\Microsoft DNX\\Dnvm\\;C:\\Program Files\\Microsoft SQL Server\\120\\Tools\\Binn\\;C:\\Program Files\\Windows Kits\\10\\Windows Performance Toolkit\\;C:\\Program Files\\dotnet\\;C:\\Users\\Yiicti\\AppData\\Local\\Programs\\Git\\cmd;C:\\Users\\Yiicti\\AppData\\Local\\atom\\bin;C:\\Users\\Yiicti\\AppData\\Local\\Programs\\Git\\cmd;C:\\Users\\Yiicti\\AppData\\Local\\Programs\\Git\\mingw32\\bin;C:\\Users\\Yiicti\\AppData\\Local\\Programs\\Git\\usr\\bin;C:\\xampp\\php;C:\\Users\\Yiicti\\AppData\\Local\\ComposerSetup\\bin;C:\\Program Files\\Microsoft VS Code\\bin;C:\\Users\\Yiicti\\AppData\\Roaming\\npm;%USERPROFILE%\\AppData\\Local\\Microsoft\\WindowsApps;'
    'SystemRoot' => 'C:\\WINDOWS'
    'COMSPEC' => 'C:\\WINDOWS\\system32\\cmd.exe'
    'PATHEXT' => '.COM;.EXE;.BAT;.CMD;.VBS;.VBE;.JS;.JSE;.WSF;.WSH;.MSC'
    'WINDIR' => 'C:\\WINDOWS'
    'SERVER_SIGNATURE' => '<address>Apache/2.4.18 (Win32) OpenSSL/1.0.2e PHP/7.0.3 Server at localhost Port 80</address>
'
    'SERVER_SOFTWARE' => 'Apache/2.4.18 (Win32) OpenSSL/1.0.2e PHP/7.0.3'
    'SERVER_NAME' => 'localhost'
    'SERVER_ADDR' => '::1'
    'SERVER_PORT' => '80'
    'REMOTE_ADDR' => '::1'
    'DOCUMENT_ROOT' => 'C:/xampp/htdocs'
    'REQUEST_SCHEME' => 'http'
    'CONTEXT_PREFIX' => ''
    'CONTEXT_DOCUMENT_ROOT' => 'C:/xampp/htdocs'
    'SERVER_ADMIN' => 'postmaster@localhost'
    'SCRIPT_FILENAME' => 'C:/xampp/htdocs/gradnet/api/web/index.php'
    'REMOTE_PORT' => '52311'
    'REDIRECT_URL' => '/gradnet/api/web/experience'
    'GATEWAY_INTERFACE' => 'CGI/1.1'
    'SERVER_PROTOCOL' => 'HTTP/1.1'
    'REQUEST_METHOD' => 'GET'
    'QUERY_STRING' => ''
    'REQUEST_URI' => '/gradnet/api/web/experience'
    'SCRIPT_NAME' => '/gradnet/api/web/index.php'
    'PHP_SELF' => '/gradnet/api/web/index.php'
    'REQUEST_TIME_FLOAT' => 1491341821.469
    'REQUEST_TIME' => 1491341821
]
2017-04-04 17:37:01 [::1][-][-][warning][yii\log\Dispatcher::dispatch] Unable to send log via yii\debug\LogTarget: Exception (Invalid Configuration) 'yii\base\InvalidConfigException' with message 'The directory does not exist: C:/xampp/htdocs/gradnet/api/web/assets' 

in C:\xampp\htdocs\gradnet\vendor\yiisoft\yii2\web\AssetManager.php:213

Stack trace:
#0 C:\xampp\htdocs\gradnet\vendor\yiisoft\yii2\base\Object.php(107): yii\web\AssetManager->init()
#1 [internal function]: yii\base\Object->__construct(Array)
#2 C:\xampp\htdocs\gradnet\vendor\yiisoft\yii2\di\Container.php(375): ReflectionClass->newInstanceArgs(Array)
#3 C:\xampp\htdocs\gradnet\vendor\yiisoft\yii2\di\Container.php(156): yii\di\Container->build('yii\\web\\AssetMa...', Array, Array)
#4 C:\xampp\htdocs\gradnet\vendor\yiisoft\yii2\BaseYii.php(344): yii\di\Container->get('yii\\web\\AssetMa...', Array, Array)
#5 C:\xampp\htdocs\gradnet\vendor\yiisoft\yii2\di\ServiceLocator.php(135): yii\BaseYii::createObject(Array)
#6 C:\xampp\htdocs\gradnet\vendor\yiisoft\yii2\base\Application.php(605): yii\di\ServiceLocator->get('assetManager')
#7 C:\xampp\htdocs\gradnet\vendor\yiisoft\yii2\web\View.php(225): yii\base\Application->getAssetManager()
#8 C:\xampp\htdocs\gradnet\vendor\yiisoft\yii2\base\Component.php(132): yii\web\View->getAssetManager()
#9 C:\xampp\htdocs\gradnet\vendor\yiisoft\yii2-debug\panels\AssetPanel.php(53): yii\base\Component->__get('assetManager')
#10 C:\xampp\htdocs\gradnet\vendor\yiisoft\yii2-debug\LogTarget.php(54): yii\debug\panels\AssetPanel->save()
#11 C:\xampp\htdocs\gradnet\vendor\yiisoft\yii2-debug\LogTarget.php(118): yii\debug\LogTarget->export()
#12 C:\xampp\htdocs\gradnet\vendor\yiisoft\yii2\log\Dispatcher.php(188): yii\debug\LogTarget->collect(Array, true)
#13 C:\xampp\htdocs\gradnet\vendor\yiisoft\yii2\log\Logger.php(177): yii\log\Dispatcher->dispatch(Array, true)
#14 [internal function]: yii\log\Logger->flush(true)
#15 {main}
2017-04-04 17:37:01 [::1][-][-][info][application] $_COOKIE = [
    '_csrf' => '3523840eb4d8a128bb5884b8858de43e6908cff4d4c28fe3ba90beb3d4a187a3a:2:{i:0;s:5:\"_csrf\";i:1;s:32:\"94e3gISllGr1WziMNy5aR9GJ5jGTe6aZ\";}'
]

$_SERVER = [
    'REDIRECT_MIBDIRS' => 'C:/xampp/php/extras/mibs'
    'REDIRECT_MYSQL_HOME' => '\\xampp\\mysql\\bin'
    'REDIRECT_OPENSSL_CONF' => 'C:/xampp/apache/bin/openssl.cnf'
    'REDIRECT_PHP_PEAR_SYSCONF_DIR' => '\\xampp\\php'
    'REDIRECT_PHPRC' => '\\xampp\\php'
    'REDIRECT_TMP' => '\\xampp\\tmp'
    'REDIRECT_STATUS' => '200'
    'MIBDIRS' => 'C:/xampp/php/extras/mibs'
    'MYSQL_HOME' => '\\xampp\\mysql\\bin'
    'OPENSSL_CONF' => 'C:/xampp/apache/bin/openssl.cnf'
    'PHP_PEAR_SYSCONF_DIR' => '\\xampp\\php'
    'PHPRC' => '\\xampp\\php'
    'TMP' => '\\xampp\\tmp'
    'HTTP_HOST' => 'localhost'
    'HTTP_CONNECTION' => 'keep-alive'
    'HTTP_CACHE_CONTROL' => 'no-cache'
    'HTTP_USER_AGENT' => 'Mozilla/5.0 (Windows NT 10.0) AppleWebKit/537.36 (KHTML, like Gecko) Chrome/57.0.2987.133 Safari/537.36'
    'HTTP_POSTMAN_TOKEN' => '2de00f23-11d8-4968-f52b-62df2237fd7d'
    'HTTP_ACCEPT' => '*/*'
    'HTTP_ACCEPT_ENCODING' => 'gzip, deflate, sdch, br'
    'HTTP_ACCEPT_LANGUAGE' => 'en-US,en;q=0.8,es;q=0.6'
    'HTTP_COOKIE' => '_csrf=3523840eb4d8a128bb5884b8858de43e6908cff4d4c28fe3ba90beb3d4a187a3a%3A2%3A%7Bi%3A0%3Bs%3A5%3A%22_csrf%22%3Bi%3A1%3Bs%3A32%3A%2294e3gISllGr1WziMNy5aR9GJ5jGTe6aZ%22%3B%7D'
    'PATH' => 'C:\\ProgramData\\Oracle\\Java\\javapath;C:\\WINDOWS\\system32;C:\\WINDOWS;C:\\WINDOWS\\System32\\Wbem;C:\\WINDOWS\\System32\\WindowsPowerShell\\v1.0\\;C:\\Program Files\\QuickTime\\QTSystem\\;C:\\Program Files\\nodejs\\;C:\\WINDOWS\\system32\\config\\systemprofile\\.dnx\\bin;C:\\Program Files\\Microsoft DNX\\Dnvm\\;C:\\Program Files\\Microsoft SQL Server\\120\\Tools\\Binn\\;C:\\Program Files\\Windows Kits\\10\\Windows Performance Toolkit\\;C:\\Program Files\\dotnet\\;C:\\Users\\Yiicti\\AppData\\Local\\Programs\\Git\\cmd;C:\\Users\\Yiicti\\AppData\\Local\\atom\\bin;C:\\Users\\Yiicti\\AppData\\Local\\Programs\\Git\\cmd;C:\\Users\\Yiicti\\AppData\\Local\\Programs\\Git\\mingw32\\bin;C:\\Users\\Yiicti\\AppData\\Local\\Programs\\Git\\usr\\bin;C:\\xampp\\php;C:\\Users\\Yiicti\\AppData\\Local\\ComposerSetup\\bin;C:\\Program Files\\Microsoft VS Code\\bin;C:\\Users\\Yiicti\\AppData\\Roaming\\npm;%USERPROFILE%\\AppData\\Local\\Microsoft\\WindowsApps;'
    'SystemRoot' => 'C:\\WINDOWS'
    'COMSPEC' => 'C:\\WINDOWS\\system32\\cmd.exe'
    'PATHEXT' => '.COM;.EXE;.BAT;.CMD;.VBS;.VBE;.JS;.JSE;.WSF;.WSH;.MSC'
    'WINDIR' => 'C:\\WINDOWS'
    'SERVER_SIGNATURE' => '<address>Apache/2.4.18 (Win32) OpenSSL/1.0.2e PHP/7.0.3 Server at localhost Port 80</address>
'
    'SERVER_SOFTWARE' => 'Apache/2.4.18 (Win32) OpenSSL/1.0.2e PHP/7.0.3'
    'SERVER_NAME' => 'localhost'
    'SERVER_ADDR' => '::1'
    'SERVER_PORT' => '80'
    'REMOTE_ADDR' => '::1'
    'DOCUMENT_ROOT' => 'C:/xampp/htdocs'
    'REQUEST_SCHEME' => 'http'
    'CONTEXT_PREFIX' => ''
    'CONTEXT_DOCUMENT_ROOT' => 'C:/xampp/htdocs'
    'SERVER_ADMIN' => 'postmaster@localhost'
    'SCRIPT_FILENAME' => 'C:/xampp/htdocs/gradnet/api/web/index.php'
    'REMOTE_PORT' => '52311'
    'REDIRECT_URL' => '/gradnet/api/web/experience'
    'GATEWAY_INTERFACE' => 'CGI/1.1'
    'SERVER_PROTOCOL' => 'HTTP/1.1'
    'REQUEST_METHOD' => 'GET'
    'QUERY_STRING' => ''
    'REQUEST_URI' => '/gradnet/api/web/experience'
    'SCRIPT_NAME' => '/gradnet/api/web/index.php'
    'PHP_SELF' => '/gradnet/api/web/index.php'
    'REQUEST_TIME_FLOAT' => 1491341821.469
    'REQUEST_TIME' => 1491341821
]
2017-04-04 17:38:18 [::1][-][-][error][yii\web\HttpException:404] yii\base\InvalidRouteException: Unable to resolve the request "experience". in C:\xampp\htdocs\gradnet\vendor\yiisoft\yii2\base\Module.php:532
Stack trace:
#0 C:\xampp\htdocs\gradnet\vendor\yiisoft\yii2\web\Application.php(102): yii\base\Module->runAction('experience', Array)
#1 C:\xampp\htdocs\gradnet\vendor\yiisoft\yii2\base\Application.php(380): yii\web\Application->handleRequest(Object(yii\web\Request))
#2 C:\xampp\htdocs\gradnet\api\web\index.php(16): yii\base\Application->run()
#3 {main}

Next yii\web\NotFoundHttpException: Page not found. in C:\xampp\htdocs\gradnet\vendor\yiisoft\yii2\web\Application.php:114
Stack trace:
#0 C:\xampp\htdocs\gradnet\vendor\yiisoft\yii2\base\Application.php(380): yii\web\Application->handleRequest(Object(yii\web\Request))
#1 C:\xampp\htdocs\gradnet\api\web\index.php(16): yii\base\Application->run()
#2 {main}
2017-04-04 17:38:18 [::1][-][-][info][application] $_COOKIE = [
    '_csrf' => '3523840eb4d8a128bb5884b8858de43e6908cff4d4c28fe3ba90beb3d4a187a3a:2:{i:0;s:5:\"_csrf\";i:1;s:32:\"94e3gISllGr1WziMNy5aR9GJ5jGTe6aZ\";}'
]

$_SERVER = [
    'REDIRECT_MIBDIRS' => 'C:/xampp/php/extras/mibs'
    'REDIRECT_MYSQL_HOME' => '\\xampp\\mysql\\bin'
    'REDIRECT_OPENSSL_CONF' => 'C:/xampp/apache/bin/openssl.cnf'
    'REDIRECT_PHP_PEAR_SYSCONF_DIR' => '\\xampp\\php'
    'REDIRECT_PHPRC' => '\\xampp\\php'
    'REDIRECT_TMP' => '\\xampp\\tmp'
    'REDIRECT_STATUS' => '200'
    'MIBDIRS' => 'C:/xampp/php/extras/mibs'
    'MYSQL_HOME' => '\\xampp\\mysql\\bin'
    'OPENSSL_CONF' => 'C:/xampp/apache/bin/openssl.cnf'
    'PHP_PEAR_SYSCONF_DIR' => '\\xampp\\php'
    'PHPRC' => '\\xampp\\php'
    'TMP' => '\\xampp\\tmp'
    'HTTP_HOST' => 'localhost'
    'HTTP_CONNECTION' => 'keep-alive'
    'HTTP_CACHE_CONTROL' => 'no-cache'
    'HTTP_USER_AGENT' => 'Mozilla/5.0 (Windows NT 10.0) AppleWebKit/537.36 (KHTML, like Gecko) Chrome/57.0.2987.133 Safari/537.36'
    'HTTP_POSTMAN_TOKEN' => '686b378a-f8fb-9d88-2866-bcffd3a2c37d'
    'HTTP_ACCEPT' => '*/*'
    'HTTP_ACCEPT_ENCODING' => 'gzip, deflate, sdch, br'
    'HTTP_ACCEPT_LANGUAGE' => 'en-US,en;q=0.8,es;q=0.6'
    'HTTP_COOKIE' => '_csrf=3523840eb4d8a128bb5884b8858de43e6908cff4d4c28fe3ba90beb3d4a187a3a%3A2%3A%7Bi%3A0%3Bs%3A5%3A%22_csrf%22%3Bi%3A1%3Bs%3A32%3A%2294e3gISllGr1WziMNy5aR9GJ5jGTe6aZ%22%3B%7D'
    'PATH' => 'C:\\ProgramData\\Oracle\\Java\\javapath;C:\\WINDOWS\\system32;C:\\WINDOWS;C:\\WINDOWS\\System32\\Wbem;C:\\WINDOWS\\System32\\WindowsPowerShell\\v1.0\\;C:\\Program Files\\QuickTime\\QTSystem\\;C:\\Program Files\\nodejs\\;C:\\WINDOWS\\system32\\config\\systemprofile\\.dnx\\bin;C:\\Program Files\\Microsoft DNX\\Dnvm\\;C:\\Program Files\\Microsoft SQL Server\\120\\Tools\\Binn\\;C:\\Program Files\\Windows Kits\\10\\Windows Performance Toolkit\\;C:\\Program Files\\dotnet\\;C:\\Users\\Yiicti\\AppData\\Local\\Programs\\Git\\cmd;C:\\Users\\Yiicti\\AppData\\Local\\atom\\bin;C:\\Users\\Yiicti\\AppData\\Local\\Programs\\Git\\cmd;C:\\Users\\Yiicti\\AppData\\Local\\Programs\\Git\\mingw32\\bin;C:\\Users\\Yiicti\\AppData\\Local\\Programs\\Git\\usr\\bin;C:\\xampp\\php;C:\\Users\\Yiicti\\AppData\\Local\\ComposerSetup\\bin;C:\\Program Files\\Microsoft VS Code\\bin;C:\\Users\\Yiicti\\AppData\\Roaming\\npm;%USERPROFILE%\\AppData\\Local\\Microsoft\\WindowsApps;'
    'SystemRoot' => 'C:\\WINDOWS'
    'COMSPEC' => 'C:\\WINDOWS\\system32\\cmd.exe'
    'PATHEXT' => '.COM;.EXE;.BAT;.CMD;.VBS;.VBE;.JS;.JSE;.WSF;.WSH;.MSC'
    'WINDIR' => 'C:\\WINDOWS'
    'SERVER_SIGNATURE' => '<address>Apache/2.4.18 (Win32) OpenSSL/1.0.2e PHP/7.0.3 Server at localhost Port 80</address>
'
    'SERVER_SOFTWARE' => 'Apache/2.4.18 (Win32) OpenSSL/1.0.2e PHP/7.0.3'
    'SERVER_NAME' => 'localhost'
    'SERVER_ADDR' => '::1'
    'SERVER_PORT' => '80'
    'REMOTE_ADDR' => '::1'
    'DOCUMENT_ROOT' => 'C:/xampp/htdocs'
    'REQUEST_SCHEME' => 'http'
    'CONTEXT_PREFIX' => ''
    'CONTEXT_DOCUMENT_ROOT' => 'C:/xampp/htdocs'
    'SERVER_ADMIN' => 'postmaster@localhost'
    'SCRIPT_FILENAME' => 'C:/xampp/htdocs/gradnet/api/web/index.php'
    'REMOTE_PORT' => '52324'
    'REDIRECT_URL' => '/gradnet/api/web/experience'
    'GATEWAY_INTERFACE' => 'CGI/1.1'
    'SERVER_PROTOCOL' => 'HTTP/1.1'
    'REQUEST_METHOD' => 'GET'
    'QUERY_STRING' => ''
    'REQUEST_URI' => '/gradnet/api/web/experience'
    'SCRIPT_NAME' => '/gradnet/api/web/index.php'
    'PHP_SELF' => '/gradnet/api/web/index.php'
    'REQUEST_TIME_FLOAT' => 1491341898.273
    'REQUEST_TIME' => 1491341898
]
2017-04-04 17:38:18 [::1][-][-][warning][yii\log\Dispatcher::dispatch] Unable to send log via yii\debug\LogTarget: Exception (Invalid Configuration) 'yii\base\InvalidConfigException' with message 'The directory does not exist: C:/xampp/htdocs/gradnet/api/web/assets' 

in C:\xampp\htdocs\gradnet\vendor\yiisoft\yii2\web\AssetManager.php:213

Stack trace:
#0 C:\xampp\htdocs\gradnet\vendor\yiisoft\yii2\base\Object.php(107): yii\web\AssetManager->init()
#1 [internal function]: yii\base\Object->__construct(Array)
#2 C:\xampp\htdocs\gradnet\vendor\yiisoft\yii2\di\Container.php(375): ReflectionClass->newInstanceArgs(Array)
#3 C:\xampp\htdocs\gradnet\vendor\yiisoft\yii2\di\Container.php(156): yii\di\Container->build('yii\\web\\AssetMa...', Array, Array)
#4 C:\xampp\htdocs\gradnet\vendor\yiisoft\yii2\BaseYii.php(344): yii\di\Container->get('yii\\web\\AssetMa...', Array, Array)
#5 C:\xampp\htdocs\gradnet\vendor\yiisoft\yii2\di\ServiceLocator.php(135): yii\BaseYii::createObject(Array)
#6 C:\xampp\htdocs\gradnet\vendor\yiisoft\yii2\base\Application.php(605): yii\di\ServiceLocator->get('assetManager')
#7 C:\xampp\htdocs\gradnet\vendor\yiisoft\yii2\web\View.php(225): yii\base\Application->getAssetManager()
#8 C:\xampp\htdocs\gradnet\vendor\yiisoft\yii2\base\Component.php(132): yii\web\View->getAssetManager()
#9 C:\xampp\htdocs\gradnet\vendor\yiisoft\yii2-debug\panels\AssetPanel.php(53): yii\base\Component->__get('assetManager')
#10 C:\xampp\htdocs\gradnet\vendor\yiisoft\yii2-debug\LogTarget.php(54): yii\debug\panels\AssetPanel->save()
#11 C:\xampp\htdocs\gradnet\vendor\yiisoft\yii2-debug\LogTarget.php(118): yii\debug\LogTarget->export()
#12 C:\xampp\htdocs\gradnet\vendor\yiisoft\yii2\log\Dispatcher.php(188): yii\debug\LogTarget->collect(Array, true)
#13 C:\xampp\htdocs\gradnet\vendor\yiisoft\yii2\log\Logger.php(177): yii\log\Dispatcher->dispatch(Array, true)
#14 [internal function]: yii\log\Logger->flush(true)
#15 {main}
2017-04-04 17:38:18 [::1][-][-][info][application] $_COOKIE = [
    '_csrf' => '3523840eb4d8a128bb5884b8858de43e6908cff4d4c28fe3ba90beb3d4a187a3a:2:{i:0;s:5:\"_csrf\";i:1;s:32:\"94e3gISllGr1WziMNy5aR9GJ5jGTe6aZ\";}'
]

$_SERVER = [
    'REDIRECT_MIBDIRS' => 'C:/xampp/php/extras/mibs'
    'REDIRECT_MYSQL_HOME' => '\\xampp\\mysql\\bin'
    'REDIRECT_OPENSSL_CONF' => 'C:/xampp/apache/bin/openssl.cnf'
    'REDIRECT_PHP_PEAR_SYSCONF_DIR' => '\\xampp\\php'
    'REDIRECT_PHPRC' => '\\xampp\\php'
    'REDIRECT_TMP' => '\\xampp\\tmp'
    'REDIRECT_STATUS' => '200'
    'MIBDIRS' => 'C:/xampp/php/extras/mibs'
    'MYSQL_HOME' => '\\xampp\\mysql\\bin'
    'OPENSSL_CONF' => 'C:/xampp/apache/bin/openssl.cnf'
    'PHP_PEAR_SYSCONF_DIR' => '\\xampp\\php'
    'PHPRC' => '\\xampp\\php'
    'TMP' => '\\xampp\\tmp'
    'HTTP_HOST' => 'localhost'
    'HTTP_CONNECTION' => 'keep-alive'
    'HTTP_CACHE_CONTROL' => 'no-cache'
    'HTTP_USER_AGENT' => 'Mozilla/5.0 (Windows NT 10.0) AppleWebKit/537.36 (KHTML, like Gecko) Chrome/57.0.2987.133 Safari/537.36'
    'HTTP_POSTMAN_TOKEN' => '686b378a-f8fb-9d88-2866-bcffd3a2c37d'
    'HTTP_ACCEPT' => '*/*'
    'HTTP_ACCEPT_ENCODING' => 'gzip, deflate, sdch, br'
    'HTTP_ACCEPT_LANGUAGE' => 'en-US,en;q=0.8,es;q=0.6'
    'HTTP_COOKIE' => '_csrf=3523840eb4d8a128bb5884b8858de43e6908cff4d4c28fe3ba90beb3d4a187a3a%3A2%3A%7Bi%3A0%3Bs%3A5%3A%22_csrf%22%3Bi%3A1%3Bs%3A32%3A%2294e3gISllGr1WziMNy5aR9GJ5jGTe6aZ%22%3B%7D'
    'PATH' => 'C:\\ProgramData\\Oracle\\Java\\javapath;C:\\WINDOWS\\system32;C:\\WINDOWS;C:\\WINDOWS\\System32\\Wbem;C:\\WINDOWS\\System32\\WindowsPowerShell\\v1.0\\;C:\\Program Files\\QuickTime\\QTSystem\\;C:\\Program Files\\nodejs\\;C:\\WINDOWS\\system32\\config\\systemprofile\\.dnx\\bin;C:\\Program Files\\Microsoft DNX\\Dnvm\\;C:\\Program Files\\Microsoft SQL Server\\120\\Tools\\Binn\\;C:\\Program Files\\Windows Kits\\10\\Windows Performance Toolkit\\;C:\\Program Files\\dotnet\\;C:\\Users\\Yiicti\\AppData\\Local\\Programs\\Git\\cmd;C:\\Users\\Yiicti\\AppData\\Local\\atom\\bin;C:\\Users\\Yiicti\\AppData\\Local\\Programs\\Git\\cmd;C:\\Users\\Yiicti\\AppData\\Local\\Programs\\Git\\mingw32\\bin;C:\\Users\\Yiicti\\AppData\\Local\\Programs\\Git\\usr\\bin;C:\\xampp\\php;C:\\Users\\Yiicti\\AppData\\Local\\ComposerSetup\\bin;C:\\Program Files\\Microsoft VS Code\\bin;C:\\Users\\Yiicti\\AppData\\Roaming\\npm;%USERPROFILE%\\AppData\\Local\\Microsoft\\WindowsApps;'
    'SystemRoot' => 'C:\\WINDOWS'
    'COMSPEC' => 'C:\\WINDOWS\\system32\\cmd.exe'
    'PATHEXT' => '.COM;.EXE;.BAT;.CMD;.VBS;.VBE;.JS;.JSE;.WSF;.WSH;.MSC'
    'WINDIR' => 'C:\\WINDOWS'
    'SERVER_SIGNATURE' => '<address>Apache/2.4.18 (Win32) OpenSSL/1.0.2e PHP/7.0.3 Server at localhost Port 80</address>
'
    'SERVER_SOFTWARE' => 'Apache/2.4.18 (Win32) OpenSSL/1.0.2e PHP/7.0.3'
    'SERVER_NAME' => 'localhost'
    'SERVER_ADDR' => '::1'
    'SERVER_PORT' => '80'
    'REMOTE_ADDR' => '::1'
    'DOCUMENT_ROOT' => 'C:/xampp/htdocs'
    'REQUEST_SCHEME' => 'http'
    'CONTEXT_PREFIX' => ''
    'CONTEXT_DOCUMENT_ROOT' => 'C:/xampp/htdocs'
    'SERVER_ADMIN' => 'postmaster@localhost'
    'SCRIPT_FILENAME' => 'C:/xampp/htdocs/gradnet/api/web/index.php'
    'REMOTE_PORT' => '52324'
    'REDIRECT_URL' => '/gradnet/api/web/experience'
    'GATEWAY_INTERFACE' => 'CGI/1.1'
    'SERVER_PROTOCOL' => 'HTTP/1.1'
    'REQUEST_METHOD' => 'GET'
    'QUERY_STRING' => ''
    'REQUEST_URI' => '/gradnet/api/web/experience'
    'SCRIPT_NAME' => '/gradnet/api/web/index.php'
    'PHP_SELF' => '/gradnet/api/web/index.php'
    'REQUEST_TIME_FLOAT' => 1491341898.273
    'REQUEST_TIME' => 1491341898
]
2017-04-04 17:38:57 [::1][-][-][error][yii\web\HttpException:404] yii\base\InvalidRouteException: Unable to resolve the request "experience". in C:\xampp\htdocs\gradnet\vendor\yiisoft\yii2\base\Module.php:532
Stack trace:
#0 C:\xampp\htdocs\gradnet\vendor\yiisoft\yii2\web\Application.php(102): yii\base\Module->runAction('experience', Array)
#1 C:\xampp\htdocs\gradnet\vendor\yiisoft\yii2\base\Application.php(380): yii\web\Application->handleRequest(Object(yii\web\Request))
#2 C:\xampp\htdocs\gradnet\api\web\index.php(16): yii\base\Application->run()
#3 {main}

Next yii\web\NotFoundHttpException: Page not found. in C:\xampp\htdocs\gradnet\vendor\yiisoft\yii2\web\Application.php:114
Stack trace:
#0 C:\xampp\htdocs\gradnet\vendor\yiisoft\yii2\base\Application.php(380): yii\web\Application->handleRequest(Object(yii\web\Request))
#1 C:\xampp\htdocs\gradnet\api\web\index.php(16): yii\base\Application->run()
#2 {main}
2017-04-04 17:38:57 [::1][-][-][info][application] $_COOKIE = [
    '_csrf' => '3523840eb4d8a128bb5884b8858de43e6908cff4d4c28fe3ba90beb3d4a187a3a:2:{i:0;s:5:\"_csrf\";i:1;s:32:\"94e3gISllGr1WziMNy5aR9GJ5jGTe6aZ\";}'
]

$_SERVER = [
    'REDIRECT_MIBDIRS' => 'C:/xampp/php/extras/mibs'
    'REDIRECT_MYSQL_HOME' => '\\xampp\\mysql\\bin'
    'REDIRECT_OPENSSL_CONF' => 'C:/xampp/apache/bin/openssl.cnf'
    'REDIRECT_PHP_PEAR_SYSCONF_DIR' => '\\xampp\\php'
    'REDIRECT_PHPRC' => '\\xampp\\php'
    'REDIRECT_TMP' => '\\xampp\\tmp'
    'REDIRECT_STATUS' => '200'
    'MIBDIRS' => 'C:/xampp/php/extras/mibs'
    'MYSQL_HOME' => '\\xampp\\mysql\\bin'
    'OPENSSL_CONF' => 'C:/xampp/apache/bin/openssl.cnf'
    'PHP_PEAR_SYSCONF_DIR' => '\\xampp\\php'
    'PHPRC' => '\\xampp\\php'
    'TMP' => '\\xampp\\tmp'
    'HTTP_HOST' => 'localhost'
    'HTTP_CONNECTION' => 'keep-alive'
    'HTTP_CACHE_CONTROL' => 'no-cache'
    'HTTP_USER_AGENT' => 'Mozilla/5.0 (Windows NT 10.0) AppleWebKit/537.36 (KHTML, like Gecko) Chrome/57.0.2987.133 Safari/537.36'
    'HTTP_POSTMAN_TOKEN' => '568eac93-7388-f5be-1dc8-bbb127bd1748'
    'HTTP_ACCEPT' => '*/*'
    'HTTP_ACCEPT_ENCODING' => 'gzip, deflate, sdch, br'
    'HTTP_ACCEPT_LANGUAGE' => 'en-US,en;q=0.8,es;q=0.6'
    'HTTP_COOKIE' => '_csrf=3523840eb4d8a128bb5884b8858de43e6908cff4d4c28fe3ba90beb3d4a187a3a%3A2%3A%7Bi%3A0%3Bs%3A5%3A%22_csrf%22%3Bi%3A1%3Bs%3A32%3A%2294e3gISllGr1WziMNy5aR9GJ5jGTe6aZ%22%3B%7D'
    'PATH' => 'C:\\ProgramData\\Oracle\\Java\\javapath;C:\\WINDOWS\\system32;C:\\WINDOWS;C:\\WINDOWS\\System32\\Wbem;C:\\WINDOWS\\System32\\WindowsPowerShell\\v1.0\\;C:\\Program Files\\QuickTime\\QTSystem\\;C:\\Program Files\\nodejs\\;C:\\WINDOWS\\system32\\config\\systemprofile\\.dnx\\bin;C:\\Program Files\\Microsoft DNX\\Dnvm\\;C:\\Program Files\\Microsoft SQL Server\\120\\Tools\\Binn\\;C:\\Program Files\\Windows Kits\\10\\Windows Performance Toolkit\\;C:\\Program Files\\dotnet\\;C:\\Users\\Yiicti\\AppData\\Local\\Programs\\Git\\cmd;C:\\Users\\Yiicti\\AppData\\Local\\atom\\bin;C:\\Users\\Yiicti\\AppData\\Local\\Programs\\Git\\cmd;C:\\Users\\Yiicti\\AppData\\Local\\Programs\\Git\\mingw32\\bin;C:\\Users\\Yiicti\\AppData\\Local\\Programs\\Git\\usr\\bin;C:\\xampp\\php;C:\\Users\\Yiicti\\AppData\\Local\\ComposerSetup\\bin;C:\\Program Files\\Microsoft VS Code\\bin;C:\\Users\\Yiicti\\AppData\\Roaming\\npm;%USERPROFILE%\\AppData\\Local\\Microsoft\\WindowsApps;'
    'SystemRoot' => 'C:\\WINDOWS'
    'COMSPEC' => 'C:\\WINDOWS\\system32\\cmd.exe'
    'PATHEXT' => '.COM;.EXE;.BAT;.CMD;.VBS;.VBE;.JS;.JSE;.WSF;.WSH;.MSC'
    'WINDIR' => 'C:\\WINDOWS'
    'SERVER_SIGNATURE' => '<address>Apache/2.4.18 (Win32) OpenSSL/1.0.2e PHP/7.0.3 Server at localhost Port 80</address>
'
    'SERVER_SOFTWARE' => 'Apache/2.4.18 (Win32) OpenSSL/1.0.2e PHP/7.0.3'
    'SERVER_NAME' => 'localhost'
    'SERVER_ADDR' => '::1'
    'SERVER_PORT' => '80'
    'REMOTE_ADDR' => '::1'
    'DOCUMENT_ROOT' => 'C:/xampp/htdocs'
    'REQUEST_SCHEME' => 'http'
    'CONTEXT_PREFIX' => ''
    'CONTEXT_DOCUMENT_ROOT' => 'C:/xampp/htdocs'
    'SERVER_ADMIN' => 'postmaster@localhost'
    'SCRIPT_FILENAME' => 'C:/xampp/htdocs/gradnet/api/web/index.php'
    'REMOTE_PORT' => '52328'
    'REDIRECT_URL' => '/gradnet/api/web/experience'
    'GATEWAY_INTERFACE' => 'CGI/1.1'
    'SERVER_PROTOCOL' => 'HTTP/1.1'
    'REQUEST_METHOD' => 'GET'
    'QUERY_STRING' => ''
    'REQUEST_URI' => '/gradnet/api/web/experience'
    'SCRIPT_NAME' => '/gradnet/api/web/index.php'
    'PHP_SELF' => '/gradnet/api/web/index.php'
    'REQUEST_TIME_FLOAT' => 1491341937.437
    'REQUEST_TIME' => 1491341937
]
2017-04-04 17:38:57 [::1][-][-][warning][yii\log\Dispatcher::dispatch] Unable to send log via yii\debug\LogTarget: Exception (Invalid Configuration) 'yii\base\InvalidConfigException' with message 'The directory does not exist: C:/xampp/htdocs/gradnet/api/web/assets' 

in C:\xampp\htdocs\gradnet\vendor\yiisoft\yii2\web\AssetManager.php:213

Stack trace:
#0 C:\xampp\htdocs\gradnet\vendor\yiisoft\yii2\base\Object.php(107): yii\web\AssetManager->init()
#1 [internal function]: yii\base\Object->__construct(Array)
#2 C:\xampp\htdocs\gradnet\vendor\yiisoft\yii2\di\Container.php(375): ReflectionClass->newInstanceArgs(Array)
#3 C:\xampp\htdocs\gradnet\vendor\yiisoft\yii2\di\Container.php(156): yii\di\Container->build('yii\\web\\AssetMa...', Array, Array)
#4 C:\xampp\htdocs\gradnet\vendor\yiisoft\yii2\BaseYii.php(344): yii\di\Container->get('yii\\web\\AssetMa...', Array, Array)
#5 C:\xampp\htdocs\gradnet\vendor\yiisoft\yii2\di\ServiceLocator.php(135): yii\BaseYii::createObject(Array)
#6 C:\xampp\htdocs\gradnet\vendor\yiisoft\yii2\base\Application.php(605): yii\di\ServiceLocator->get('assetManager')
#7 C:\xampp\htdocs\gradnet\vendor\yiisoft\yii2\web\View.php(225): yii\base\Application->getAssetManager()
#8 C:\xampp\htdocs\gradnet\vendor\yiisoft\yii2\base\Component.php(132): yii\web\View->getAssetManager()
#9 C:\xampp\htdocs\gradnet\vendor\yiisoft\yii2-debug\panels\AssetPanel.php(53): yii\base\Component->__get('assetManager')
#10 C:\xampp\htdocs\gradnet\vendor\yiisoft\yii2-debug\LogTarget.php(54): yii\debug\panels\AssetPanel->save()
#11 C:\xampp\htdocs\gradnet\vendor\yiisoft\yii2-debug\LogTarget.php(118): yii\debug\LogTarget->export()
#12 C:\xampp\htdocs\gradnet\vendor\yiisoft\yii2\log\Dispatcher.php(188): yii\debug\LogTarget->collect(Array, true)
#13 C:\xampp\htdocs\gradnet\vendor\yiisoft\yii2\log\Logger.php(177): yii\log\Dispatcher->dispatch(Array, true)
#14 [internal function]: yii\log\Logger->flush(true)
#15 {main}
2017-04-04 17:38:57 [::1][-][-][info][application] $_COOKIE = [
    '_csrf' => '3523840eb4d8a128bb5884b8858de43e6908cff4d4c28fe3ba90beb3d4a187a3a:2:{i:0;s:5:\"_csrf\";i:1;s:32:\"94e3gISllGr1WziMNy5aR9GJ5jGTe6aZ\";}'
]

$_SERVER = [
    'REDIRECT_MIBDIRS' => 'C:/xampp/php/extras/mibs'
    'REDIRECT_MYSQL_HOME' => '\\xampp\\mysql\\bin'
    'REDIRECT_OPENSSL_CONF' => 'C:/xampp/apache/bin/openssl.cnf'
    'REDIRECT_PHP_PEAR_SYSCONF_DIR' => '\\xampp\\php'
    'REDIRECT_PHPRC' => '\\xampp\\php'
    'REDIRECT_TMP' => '\\xampp\\tmp'
    'REDIRECT_STATUS' => '200'
    'MIBDIRS' => 'C:/xampp/php/extras/mibs'
    'MYSQL_HOME' => '\\xampp\\mysql\\bin'
    'OPENSSL_CONF' => 'C:/xampp/apache/bin/openssl.cnf'
    'PHP_PEAR_SYSCONF_DIR' => '\\xampp\\php'
    'PHPRC' => '\\xampp\\php'
    'TMP' => '\\xampp\\tmp'
    'HTTP_HOST' => 'localhost'
    'HTTP_CONNECTION' => 'keep-alive'
    'HTTP_CACHE_CONTROL' => 'no-cache'
    'HTTP_USER_AGENT' => 'Mozilla/5.0 (Windows NT 10.0) AppleWebKit/537.36 (KHTML, like Gecko) Chrome/57.0.2987.133 Safari/537.36'
    'HTTP_POSTMAN_TOKEN' => '568eac93-7388-f5be-1dc8-bbb127bd1748'
    'HTTP_ACCEPT' => '*/*'
    'HTTP_ACCEPT_ENCODING' => 'gzip, deflate, sdch, br'
    'HTTP_ACCEPT_LANGUAGE' => 'en-US,en;q=0.8,es;q=0.6'
    'HTTP_COOKIE' => '_csrf=3523840eb4d8a128bb5884b8858de43e6908cff4d4c28fe3ba90beb3d4a187a3a%3A2%3A%7Bi%3A0%3Bs%3A5%3A%22_csrf%22%3Bi%3A1%3Bs%3A32%3A%2294e3gISllGr1WziMNy5aR9GJ5jGTe6aZ%22%3B%7D'
    'PATH' => 'C:\\ProgramData\\Oracle\\Java\\javapath;C:\\WINDOWS\\system32;C:\\WINDOWS;C:\\WINDOWS\\System32\\Wbem;C:\\WINDOWS\\System32\\WindowsPowerShell\\v1.0\\;C:\\Program Files\\QuickTime\\QTSystem\\;C:\\Program Files\\nodejs\\;C:\\WINDOWS\\system32\\config\\systemprofile\\.dnx\\bin;C:\\Program Files\\Microsoft DNX\\Dnvm\\;C:\\Program Files\\Microsoft SQL Server\\120\\Tools\\Binn\\;C:\\Program Files\\Windows Kits\\10\\Windows Performance Toolkit\\;C:\\Program Files\\dotnet\\;C:\\Users\\Yiicti\\AppData\\Local\\Programs\\Git\\cmd;C:\\Users\\Yiicti\\AppData\\Local\\atom\\bin;C:\\Users\\Yiicti\\AppData\\Local\\Programs\\Git\\cmd;C:\\Users\\Yiicti\\AppData\\Local\\Programs\\Git\\mingw32\\bin;C:\\Users\\Yiicti\\AppData\\Local\\Programs\\Git\\usr\\bin;C:\\xampp\\php;C:\\Users\\Yiicti\\AppData\\Local\\ComposerSetup\\bin;C:\\Program Files\\Microsoft VS Code\\bin;C:\\Users\\Yiicti\\AppData\\Roaming\\npm;%USERPROFILE%\\AppData\\Local\\Microsoft\\WindowsApps;'
    'SystemRoot' => 'C:\\WINDOWS'
    'COMSPEC' => 'C:\\WINDOWS\\system32\\cmd.exe'
    'PATHEXT' => '.COM;.EXE;.BAT;.CMD;.VBS;.VBE;.JS;.JSE;.WSF;.WSH;.MSC'
    'WINDIR' => 'C:\\WINDOWS'
    'SERVER_SIGNATURE' => '<address>Apache/2.4.18 (Win32) OpenSSL/1.0.2e PHP/7.0.3 Server at localhost Port 80</address>
'
    'SERVER_SOFTWARE' => 'Apache/2.4.18 (Win32) OpenSSL/1.0.2e PHP/7.0.3'
    'SERVER_NAME' => 'localhost'
    'SERVER_ADDR' => '::1'
    'SERVER_PORT' => '80'
    'REMOTE_ADDR' => '::1'
    'DOCUMENT_ROOT' => 'C:/xampp/htdocs'
    'REQUEST_SCHEME' => 'http'
    'CONTEXT_PREFIX' => ''
    'CONTEXT_DOCUMENT_ROOT' => 'C:/xampp/htdocs'
    'SERVER_ADMIN' => 'postmaster@localhost'
    'SCRIPT_FILENAME' => 'C:/xampp/htdocs/gradnet/api/web/index.php'
    'REMOTE_PORT' => '52328'
    'REDIRECT_URL' => '/gradnet/api/web/experience'
    'GATEWAY_INTERFACE' => 'CGI/1.1'
    'SERVER_PROTOCOL' => 'HTTP/1.1'
    'REQUEST_METHOD' => 'GET'
    'QUERY_STRING' => ''
    'REQUEST_URI' => '/gradnet/api/web/experience'
    'SCRIPT_NAME' => '/gradnet/api/web/index.php'
    'PHP_SELF' => '/gradnet/api/web/index.php'
    'REQUEST_TIME_FLOAT' => 1491341937.437
    'REQUEST_TIME' => 1491341937
]
2017-04-04 17:39:10 [::1][-][-][error][yii\base\InvalidConfigException] yii\base\InvalidConfigException: Missing required parameter "id" when instantiating "dektrium\user\Module". in C:\xampp\htdocs\gradnet\vendor\yiisoft\yii2\di\Container.php:460
Stack trace:
#0 C:\xampp\htdocs\gradnet\vendor\yiisoft\yii2\di\Container.php(370): yii\di\Container->resolveDependencies(Array, Object(ReflectionClass))
#1 C:\xampp\htdocs\gradnet\vendor\yiisoft\yii2\di\Container.php(156): yii\di\Container->build('dektrium\\user\\M...', Array, Array)
#2 C:\xampp\htdocs\gradnet\vendor\yiisoft\yii2\BaseYii.php(344): yii\di\Container->get('dektrium\\user\\M...', Array, Array)
#3 C:\xampp\htdocs\gradnet\vendor\yiisoft\yii2\di\ServiceLocator.php(135): yii\BaseYii::createObject(Array)
#4 C:\xampp\htdocs\gradnet\vendor\yiisoft\yii2\di\ServiceLocator.php(73): yii\di\ServiceLocator->get('user')
#5 C:\xampp\htdocs\gradnet\api\modules\v1\Module.php(12): yii\di\ServiceLocator->__get('user')
#6 C:\xampp\htdocs\gradnet\vendor\yiisoft\yii2\base\Object.php(107): api\modules\v1\Module->init()
#7 C:\xampp\htdocs\gradnet\vendor\yiisoft\yii2\base\Module.php(158): yii\base\Object->__construct(Array)
#8 [internal function]: yii\base\Module->__construct('v1', Object(yii\web\Application), Array)
#9 C:\xampp\htdocs\gradnet\vendor\yiisoft\yii2\di\Container.php(381): ReflectionClass->newInstanceArgs(Array)
#10 C:\xampp\htdocs\gradnet\vendor\yiisoft\yii2\di\Container.php(156): yii\di\Container->build('api\\modules\\v1\\...', Array, Array)
#11 C:\xampp\htdocs\gradnet\vendor\yiisoft\yii2\BaseYii.php(344): yii\di\Container->get('api\\modules\\v1\\...', Array, Array)
#12 C:\xampp\htdocs\gradnet\vendor\yiisoft\yii2\base\Module.php(423): yii\BaseYii::createObject(Array, Array)
#13 C:\xampp\htdocs\gradnet\vendor\yiisoft\yii2\base\Module.php(581): yii\base\Module->getModule('v1')
#14 C:\xampp\htdocs\gradnet\vendor\yiisoft\yii2\base\Module.php(517): yii\base\Module->createController('experience')
#15 C:\xampp\htdocs\gradnet\vendor\yiisoft\yii2\web\Application.php(102): yii\base\Module->runAction('v1/experience', Array)
#16 C:\xampp\htdocs\gradnet\vendor\yiisoft\yii2\base\Application.php(380): yii\web\Application->handleRequest(Object(yii\web\Request))
#17 C:\xampp\htdocs\gradnet\api\web\index.php(16): yii\base\Application->run()
#18 {main}
2017-04-04 17:39:10 [::1][-][-][info][application] $_COOKIE = [
    '_csrf' => '3523840eb4d8a128bb5884b8858de43e6908cff4d4c28fe3ba90beb3d4a187a3a:2:{i:0;s:5:\"_csrf\";i:1;s:32:\"94e3gISllGr1WziMNy5aR9GJ5jGTe6aZ\";}'
]

$_SERVER = [
    'REDIRECT_MIBDIRS' => 'C:/xampp/php/extras/mibs'
    'REDIRECT_MYSQL_HOME' => '\\xampp\\mysql\\bin'
    'REDIRECT_OPENSSL_CONF' => 'C:/xampp/apache/bin/openssl.cnf'
    'REDIRECT_PHP_PEAR_SYSCONF_DIR' => '\\xampp\\php'
    'REDIRECT_PHPRC' => '\\xampp\\php'
    'REDIRECT_TMP' => '\\xampp\\tmp'
    'REDIRECT_STATUS' => '200'
    'MIBDIRS' => 'C:/xampp/php/extras/mibs'
    'MYSQL_HOME' => '\\xampp\\mysql\\bin'
    'OPENSSL_CONF' => 'C:/xampp/apache/bin/openssl.cnf'
    'PHP_PEAR_SYSCONF_DIR' => '\\xampp\\php'
    'PHPRC' => '\\xampp\\php'
    'TMP' => '\\xampp\\tmp'
    'HTTP_HOST' => 'localhost'
    'HTTP_CONNECTION' => 'keep-alive'
    'HTTP_CACHE_CONTROL' => 'no-cache'
    'HTTP_USER_AGENT' => 'Mozilla/5.0 (Windows NT 10.0) AppleWebKit/537.36 (KHTML, like Gecko) Chrome/57.0.2987.133 Safari/537.36'
    'HTTP_POSTMAN_TOKEN' => '049099a3-1f04-d5b7-d179-272b5ad5605e'
    'HTTP_ACCEPT' => '*/*'
    'HTTP_ACCEPT_ENCODING' => 'gzip, deflate, sdch, br'
    'HTTP_ACCEPT_LANGUAGE' => 'en-US,en;q=0.8,es;q=0.6'
    'HTTP_COOKIE' => '_csrf=3523840eb4d8a128bb5884b8858de43e6908cff4d4c28fe3ba90beb3d4a187a3a%3A2%3A%7Bi%3A0%3Bs%3A5%3A%22_csrf%22%3Bi%3A1%3Bs%3A32%3A%2294e3gISllGr1WziMNy5aR9GJ5jGTe6aZ%22%3B%7D'
    'PATH' => 'C:\\ProgramData\\Oracle\\Java\\javapath;C:\\WINDOWS\\system32;C:\\WINDOWS;C:\\WINDOWS\\System32\\Wbem;C:\\WINDOWS\\System32\\WindowsPowerShell\\v1.0\\;C:\\Program Files\\QuickTime\\QTSystem\\;C:\\Program Files\\nodejs\\;C:\\WINDOWS\\system32\\config\\systemprofile\\.dnx\\bin;C:\\Program Files\\Microsoft DNX\\Dnvm\\;C:\\Program Files\\Microsoft SQL Server\\120\\Tools\\Binn\\;C:\\Program Files\\Windows Kits\\10\\Windows Performance Toolkit\\;C:\\Program Files\\dotnet\\;C:\\Users\\Yiicti\\AppData\\Local\\Programs\\Git\\cmd;C:\\Users\\Yiicti\\AppData\\Local\\atom\\bin;C:\\Users\\Yiicti\\AppData\\Local\\Programs\\Git\\cmd;C:\\Users\\Yiicti\\AppData\\Local\\Programs\\Git\\mingw32\\bin;C:\\Users\\Yiicti\\AppData\\Local\\Programs\\Git\\usr\\bin;C:\\xampp\\php;C:\\Users\\Yiicti\\AppData\\Local\\ComposerSetup\\bin;C:\\Program Files\\Microsoft VS Code\\bin;C:\\Users\\Yiicti\\AppData\\Roaming\\npm;%USERPROFILE%\\AppData\\Local\\Microsoft\\WindowsApps;'
    'SystemRoot' => 'C:\\WINDOWS'
    'COMSPEC' => 'C:\\WINDOWS\\system32\\cmd.exe'
    'PATHEXT' => '.COM;.EXE;.BAT;.CMD;.VBS;.VBE;.JS;.JSE;.WSF;.WSH;.MSC'
    'WINDIR' => 'C:\\WINDOWS'
    'SERVER_SIGNATURE' => '<address>Apache/2.4.18 (Win32) OpenSSL/1.0.2e PHP/7.0.3 Server at localhost Port 80</address>
'
    'SERVER_SOFTWARE' => 'Apache/2.4.18 (Win32) OpenSSL/1.0.2e PHP/7.0.3'
    'SERVER_NAME' => 'localhost'
    'SERVER_ADDR' => '::1'
    'SERVER_PORT' => '80'
    'REMOTE_ADDR' => '::1'
    'DOCUMENT_ROOT' => 'C:/xampp/htdocs'
    'REQUEST_SCHEME' => 'http'
    'CONTEXT_PREFIX' => ''
    'CONTEXT_DOCUMENT_ROOT' => 'C:/xampp/htdocs'
    'SERVER_ADMIN' => 'postmaster@localhost'
    'SCRIPT_FILENAME' => 'C:/xampp/htdocs/gradnet/api/web/index.php'
    'REMOTE_PORT' => '52333'
    'REDIRECT_URL' => '/gradnet/api/web/v1/experience'
    'GATEWAY_INTERFACE' => 'CGI/1.1'
    'SERVER_PROTOCOL' => 'HTTP/1.1'
    'REQUEST_METHOD' => 'GET'
    'QUERY_STRING' => ''
    'REQUEST_URI' => '/gradnet/api/web/v1/experience'
    'SCRIPT_NAME' => '/gradnet/api/web/index.php'
    'PHP_SELF' => '/gradnet/api/web/index.php'
    'REQUEST_TIME_FLOAT' => 1491341950.052
    'REQUEST_TIME' => 1491341950
]
2017-04-04 17:39:10 [::1][-][-][warning][yii\log\Dispatcher::dispatch] Unable to send log via yii\debug\LogTarget: Exception (Invalid Configuration) 'yii\base\InvalidConfigException' with message 'The directory does not exist: C:/xampp/htdocs/gradnet/api/web/assets' 

in C:\xampp\htdocs\gradnet\vendor\yiisoft\yii2\web\AssetManager.php:213

Stack trace:
#0 C:\xampp\htdocs\gradnet\vendor\yiisoft\yii2\base\Object.php(107): yii\web\AssetManager->init()
#1 [internal function]: yii\base\Object->__construct(Array)
#2 C:\xampp\htdocs\gradnet\vendor\yiisoft\yii2\di\Container.php(375): ReflectionClass->newInstanceArgs(Array)
#3 C:\xampp\htdocs\gradnet\vendor\yiisoft\yii2\di\Container.php(156): yii\di\Container->build('yii\\web\\AssetMa...', Array, Array)
#4 C:\xampp\htdocs\gradnet\vendor\yiisoft\yii2\BaseYii.php(344): yii\di\Container->get('yii\\web\\AssetMa...', Array, Array)
#5 C:\xampp\htdocs\gradnet\vendor\yiisoft\yii2\di\ServiceLocator.php(135): yii\BaseYii::createObject(Array)
#6 C:\xampp\htdocs\gradnet\vendor\yiisoft\yii2\base\Application.php(605): yii\di\ServiceLocator->get('assetManager')
#7 C:\xampp\htdocs\gradnet\vendor\yiisoft\yii2\web\View.php(225): yii\base\Application->getAssetManager()
#8 C:\xampp\htdocs\gradnet\vendor\yiisoft\yii2\base\Component.php(132): yii\web\View->getAssetManager()
#9 C:\xampp\htdocs\gradnet\vendor\yiisoft\yii2-debug\panels\AssetPanel.php(53): yii\base\Component->__get('assetManager')
#10 C:\xampp\htdocs\gradnet\vendor\yiisoft\yii2-debug\LogTarget.php(54): yii\debug\panels\AssetPanel->save()
#11 C:\xampp\htdocs\gradnet\vendor\yiisoft\yii2-debug\LogTarget.php(118): yii\debug\LogTarget->export()
#12 C:\xampp\htdocs\gradnet\vendor\yiisoft\yii2\log\Dispatcher.php(188): yii\debug\LogTarget->collect(Array, true)
#13 C:\xampp\htdocs\gradnet\vendor\yiisoft\yii2\log\Logger.php(177): yii\log\Dispatcher->dispatch(Array, true)
#14 [internal function]: yii\log\Logger->flush(true)
#15 {main}
2017-04-04 17:39:10 [::1][-][-][info][application] $_COOKIE = [
    '_csrf' => '3523840eb4d8a128bb5884b8858de43e6908cff4d4c28fe3ba90beb3d4a187a3a:2:{i:0;s:5:\"_csrf\";i:1;s:32:\"94e3gISllGr1WziMNy5aR9GJ5jGTe6aZ\";}'
]

$_SERVER = [
    'REDIRECT_MIBDIRS' => 'C:/xampp/php/extras/mibs'
    'REDIRECT_MYSQL_HOME' => '\\xampp\\mysql\\bin'
    'REDIRECT_OPENSSL_CONF' => 'C:/xampp/apache/bin/openssl.cnf'
    'REDIRECT_PHP_PEAR_SYSCONF_DIR' => '\\xampp\\php'
    'REDIRECT_PHPRC' => '\\xampp\\php'
    'REDIRECT_TMP' => '\\xampp\\tmp'
    'REDIRECT_STATUS' => '200'
    'MIBDIRS' => 'C:/xampp/php/extras/mibs'
    'MYSQL_HOME' => '\\xampp\\mysql\\bin'
    'OPENSSL_CONF' => 'C:/xampp/apache/bin/openssl.cnf'
    'PHP_PEAR_SYSCONF_DIR' => '\\xampp\\php'
    'PHPRC' => '\\xampp\\php'
    'TMP' => '\\xampp\\tmp'
    'HTTP_HOST' => 'localhost'
    'HTTP_CONNECTION' => 'keep-alive'
    'HTTP_CACHE_CONTROL' => 'no-cache'
    'HTTP_USER_AGENT' => 'Mozilla/5.0 (Windows NT 10.0) AppleWebKit/537.36 (KHTML, like Gecko) Chrome/57.0.2987.133 Safari/537.36'
    'HTTP_POSTMAN_TOKEN' => '049099a3-1f04-d5b7-d179-272b5ad5605e'
    'HTTP_ACCEPT' => '*/*'
    'HTTP_ACCEPT_ENCODING' => 'gzip, deflate, sdch, br'
    'HTTP_ACCEPT_LANGUAGE' => 'en-US,en;q=0.8,es;q=0.6'
    'HTTP_COOKIE' => '_csrf=3523840eb4d8a128bb5884b8858de43e6908cff4d4c28fe3ba90beb3d4a187a3a%3A2%3A%7Bi%3A0%3Bs%3A5%3A%22_csrf%22%3Bi%3A1%3Bs%3A32%3A%2294e3gISllGr1WziMNy5aR9GJ5jGTe6aZ%22%3B%7D'
    'PATH' => 'C:\\ProgramData\\Oracle\\Java\\javapath;C:\\WINDOWS\\system32;C:\\WINDOWS;C:\\WINDOWS\\System32\\Wbem;C:\\WINDOWS\\System32\\WindowsPowerShell\\v1.0\\;C:\\Program Files\\QuickTime\\QTSystem\\;C:\\Program Files\\nodejs\\;C:\\WINDOWS\\system32\\config\\systemprofile\\.dnx\\bin;C:\\Program Files\\Microsoft DNX\\Dnvm\\;C:\\Program Files\\Microsoft SQL Server\\120\\Tools\\Binn\\;C:\\Program Files\\Windows Kits\\10\\Windows Performance Toolkit\\;C:\\Program Files\\dotnet\\;C:\\Users\\Yiicti\\AppData\\Local\\Programs\\Git\\cmd;C:\\Users\\Yiicti\\AppData\\Local\\atom\\bin;C:\\Users\\Yiicti\\AppData\\Local\\Programs\\Git\\cmd;C:\\Users\\Yiicti\\AppData\\Local\\Programs\\Git\\mingw32\\bin;C:\\Users\\Yiicti\\AppData\\Local\\Programs\\Git\\usr\\bin;C:\\xampp\\php;C:\\Users\\Yiicti\\AppData\\Local\\ComposerSetup\\bin;C:\\Program Files\\Microsoft VS Code\\bin;C:\\Users\\Yiicti\\AppData\\Roaming\\npm;%USERPROFILE%\\AppData\\Local\\Microsoft\\WindowsApps;'
    'SystemRoot' => 'C:\\WINDOWS'
    'COMSPEC' => 'C:\\WINDOWS\\system32\\cmd.exe'
    'PATHEXT' => '.COM;.EXE;.BAT;.CMD;.VBS;.VBE;.JS;.JSE;.WSF;.WSH;.MSC'
    'WINDIR' => 'C:\\WINDOWS'
    'SERVER_SIGNATURE' => '<address>Apache/2.4.18 (Win32) OpenSSL/1.0.2e PHP/7.0.3 Server at localhost Port 80</address>
'
    'SERVER_SOFTWARE' => 'Apache/2.4.18 (Win32) OpenSSL/1.0.2e PHP/7.0.3'
    'SERVER_NAME' => 'localhost'
    'SERVER_ADDR' => '::1'
    'SERVER_PORT' => '80'
    'REMOTE_ADDR' => '::1'
    'DOCUMENT_ROOT' => 'C:/xampp/htdocs'
    'REQUEST_SCHEME' => 'http'
    'CONTEXT_PREFIX' => ''
    'CONTEXT_DOCUMENT_ROOT' => 'C:/xampp/htdocs'
    'SERVER_ADMIN' => 'postmaster@localhost'
    'SCRIPT_FILENAME' => 'C:/xampp/htdocs/gradnet/api/web/index.php'
    'REMOTE_PORT' => '52333'
    'REDIRECT_URL' => '/gradnet/api/web/v1/experience'
    'GATEWAY_INTERFACE' => 'CGI/1.1'
    'SERVER_PROTOCOL' => 'HTTP/1.1'
    'REQUEST_METHOD' => 'GET'
    'QUERY_STRING' => ''
    'REQUEST_URI' => '/gradnet/api/web/v1/experience'
    'SCRIPT_NAME' => '/gradnet/api/web/index.php'
    'PHP_SELF' => '/gradnet/api/web/index.php'
    'REQUEST_TIME_FLOAT' => 1491341950.052
    'REQUEST_TIME' => 1491341950
]
2017-04-04 17:42:53 [::1][-][-][error][yii\base\InvalidConfigException] yii\base\InvalidConfigException: Missing required parameter "id" when instantiating "dektrium\user\Module". in C:\xampp\htdocs\gradnet\vendor\yiisoft\yii2\di\Container.php:460
Stack trace:
#0 C:\xampp\htdocs\gradnet\vendor\yiisoft\yii2\di\Container.php(370): yii\di\Container->resolveDependencies(Array, Object(ReflectionClass))
#1 C:\xampp\htdocs\gradnet\vendor\yiisoft\yii2\di\Container.php(156): yii\di\Container->build('dektrium\\user\\M...', Array, Array)
#2 C:\xampp\htdocs\gradnet\vendor\yiisoft\yii2\BaseYii.php(344): yii\di\Container->get('dektrium\\user\\M...', Array, Array)
#3 C:\xampp\htdocs\gradnet\vendor\yiisoft\yii2\di\ServiceLocator.php(135): yii\BaseYii::createObject(Array)
#4 C:\xampp\htdocs\gradnet\vendor\yiisoft\yii2\di\ServiceLocator.php(73): yii\di\ServiceLocator->get('user')
#5 C:\xampp\htdocs\gradnet\api\modules\v1\Module.php(12): yii\di\ServiceLocator->__get('user')
#6 C:\xampp\htdocs\gradnet\vendor\yiisoft\yii2\base\Object.php(107): api\modules\v1\Module->init()
#7 C:\xampp\htdocs\gradnet\vendor\yiisoft\yii2\base\Module.php(158): yii\base\Object->__construct(Array)
#8 [internal function]: yii\base\Module->__construct('v1', Object(yii\web\Application), Array)
#9 C:\xampp\htdocs\gradnet\vendor\yiisoft\yii2\di\Container.php(381): ReflectionClass->newInstanceArgs(Array)
#10 C:\xampp\htdocs\gradnet\vendor\yiisoft\yii2\di\Container.php(156): yii\di\Container->build('api\\modules\\v1\\...', Array, Array)
#11 C:\xampp\htdocs\gradnet\vendor\yiisoft\yii2\BaseYii.php(344): yii\di\Container->get('api\\modules\\v1\\...', Array, Array)
#12 C:\xampp\htdocs\gradnet\vendor\yiisoft\yii2\base\Module.php(423): yii\BaseYii::createObject(Array, Array)
#13 C:\xampp\htdocs\gradnet\vendor\yiisoft\yii2\base\Module.php(581): yii\base\Module->getModule('v1')
#14 C:\xampp\htdocs\gradnet\vendor\yiisoft\yii2\base\Module.php(517): yii\base\Module->createController('experience')
#15 C:\xampp\htdocs\gradnet\vendor\yiisoft\yii2\web\Application.php(102): yii\base\Module->runAction('v1/experience', Array)
#16 C:\xampp\htdocs\gradnet\vendor\yiisoft\yii2\base\Application.php(380): yii\web\Application->handleRequest(Object(yii\web\Request))
#17 C:\xampp\htdocs\gradnet\api\web\index.php(16): yii\base\Application->run()
#18 {main}
2017-04-04 17:42:53 [::1][-][-][info][application] $_COOKIE = [
    '_csrf' => '3523840eb4d8a128bb5884b8858de43e6908cff4d4c28fe3ba90beb3d4a187a3a:2:{i:0;s:5:\"_csrf\";i:1;s:32:\"94e3gISllGr1WziMNy5aR9GJ5jGTe6aZ\";}'
]

$_SERVER = [
    'REDIRECT_MIBDIRS' => 'C:/xampp/php/extras/mibs'
    'REDIRECT_MYSQL_HOME' => '\\xampp\\mysql\\bin'
    'REDIRECT_OPENSSL_CONF' => 'C:/xampp/apache/bin/openssl.cnf'
    'REDIRECT_PHP_PEAR_SYSCONF_DIR' => '\\xampp\\php'
    'REDIRECT_PHPRC' => '\\xampp\\php'
    'REDIRECT_TMP' => '\\xampp\\tmp'
    'REDIRECT_STATUS' => '200'
    'MIBDIRS' => 'C:/xampp/php/extras/mibs'
    'MYSQL_HOME' => '\\xampp\\mysql\\bin'
    'OPENSSL_CONF' => 'C:/xampp/apache/bin/openssl.cnf'
    'PHP_PEAR_SYSCONF_DIR' => '\\xampp\\php'
    'PHPRC' => '\\xampp\\php'
    'TMP' => '\\xampp\\tmp'
    'HTTP_HOST' => 'localhost'
    'HTTP_CONNECTION' => 'keep-alive'
    'HTTP_CACHE_CONTROL' => 'no-cache'
    'HTTP_USER_AGENT' => 'Mozilla/5.0 (Windows NT 10.0) AppleWebKit/537.36 (KHTML, like Gecko) Chrome/57.0.2987.133 Safari/537.36'
    'HTTP_POSTMAN_TOKEN' => '28a703d5-540a-f101-b311-8c0f7f8cac7c'
    'HTTP_ACCEPT' => '*/*'
    'HTTP_ACCEPT_ENCODING' => 'gzip, deflate, sdch, br'
    'HTTP_ACCEPT_LANGUAGE' => 'en-US,en;q=0.8,es;q=0.6'
    'HTTP_COOKIE' => '_csrf=3523840eb4d8a128bb5884b8858de43e6908cff4d4c28fe3ba90beb3d4a187a3a%3A2%3A%7Bi%3A0%3Bs%3A5%3A%22_csrf%22%3Bi%3A1%3Bs%3A32%3A%2294e3gISllGr1WziMNy5aR9GJ5jGTe6aZ%22%3B%7D'
    'PATH' => 'C:\\ProgramData\\Oracle\\Java\\javapath;C:\\WINDOWS\\system32;C:\\WINDOWS;C:\\WINDOWS\\System32\\Wbem;C:\\WINDOWS\\System32\\WindowsPowerShell\\v1.0\\;C:\\Program Files\\QuickTime\\QTSystem\\;C:\\Program Files\\nodejs\\;C:\\WINDOWS\\system32\\config\\systemprofile\\.dnx\\bin;C:\\Program Files\\Microsoft DNX\\Dnvm\\;C:\\Program Files\\Microsoft SQL Server\\120\\Tools\\Binn\\;C:\\Program Files\\Windows Kits\\10\\Windows Performance Toolkit\\;C:\\Program Files\\dotnet\\;C:\\Users\\Yiicti\\AppData\\Local\\Programs\\Git\\cmd;C:\\Users\\Yiicti\\AppData\\Local\\atom\\bin;C:\\Users\\Yiicti\\AppData\\Local\\Programs\\Git\\cmd;C:\\Users\\Yiicti\\AppData\\Local\\Programs\\Git\\mingw32\\bin;C:\\Users\\Yiicti\\AppData\\Local\\Programs\\Git\\usr\\bin;C:\\xampp\\php;C:\\Users\\Yiicti\\AppData\\Local\\ComposerSetup\\bin;C:\\Program Files\\Microsoft VS Code\\bin;C:\\Users\\Yiicti\\AppData\\Roaming\\npm;%USERPROFILE%\\AppData\\Local\\Microsoft\\WindowsApps;'
    'SystemRoot' => 'C:\\WINDOWS'
    'COMSPEC' => 'C:\\WINDOWS\\system32\\cmd.exe'
    'PATHEXT' => '.COM;.EXE;.BAT;.CMD;.VBS;.VBE;.JS;.JSE;.WSF;.WSH;.MSC'
    'WINDIR' => 'C:\\WINDOWS'
    'SERVER_SIGNATURE' => '<address>Apache/2.4.18 (Win32) OpenSSL/1.0.2e PHP/7.0.3 Server at localhost Port 80</address>
'
    'SERVER_SOFTWARE' => 'Apache/2.4.18 (Win32) OpenSSL/1.0.2e PHP/7.0.3'
    'SERVER_NAME' => 'localhost'
    'SERVER_ADDR' => '::1'
    'SERVER_PORT' => '80'
    'REMOTE_ADDR' => '::1'
    'DOCUMENT_ROOT' => 'C:/xampp/htdocs'
    'REQUEST_SCHEME' => 'http'
    'CONTEXT_PREFIX' => ''
    'CONTEXT_DOCUMENT_ROOT' => 'C:/xampp/htdocs'
    'SERVER_ADMIN' => 'postmaster@localhost'
    'SCRIPT_FILENAME' => 'C:/xampp/htdocs/gradnet/api/web/index.php'
    'REMOTE_PORT' => '52394'
    'REDIRECT_URL' => '/gradnet/api/web/v1/experience'
    'GATEWAY_INTERFACE' => 'CGI/1.1'
    'SERVER_PROTOCOL' => 'HTTP/1.1'
    'REQUEST_METHOD' => 'GET'
    'QUERY_STRING' => ''
    'REQUEST_URI' => '/gradnet/api/web/v1/experience'
    'SCRIPT_NAME' => '/gradnet/api/web/index.php'
    'PHP_SELF' => '/gradnet/api/web/index.php'
    'REQUEST_TIME_FLOAT' => 1491342173.003
    'REQUEST_TIME' => 1491342173
]
2017-04-04 17:42:53 [::1][-][-][warning][yii\log\Dispatcher::dispatch] Unable to send log via yii\debug\LogTarget: Exception (Invalid Configuration) 'yii\base\InvalidConfigException' with message 'The directory does not exist: C:/xampp/htdocs/gradnet/api/web/assets' 

in C:\xampp\htdocs\gradnet\vendor\yiisoft\yii2\web\AssetManager.php:213

Stack trace:
#0 C:\xampp\htdocs\gradnet\vendor\yiisoft\yii2\base\Object.php(107): yii\web\AssetManager->init()
#1 [internal function]: yii\base\Object->__construct(Array)
#2 C:\xampp\htdocs\gradnet\vendor\yiisoft\yii2\di\Container.php(375): ReflectionClass->newInstanceArgs(Array)
#3 C:\xampp\htdocs\gradnet\vendor\yiisoft\yii2\di\Container.php(156): yii\di\Container->build('yii\\web\\AssetMa...', Array, Array)
#4 C:\xampp\htdocs\gradnet\vendor\yiisoft\yii2\BaseYii.php(344): yii\di\Container->get('yii\\web\\AssetMa...', Array, Array)
#5 C:\xampp\htdocs\gradnet\vendor\yiisoft\yii2\di\ServiceLocator.php(135): yii\BaseYii::createObject(Array)
#6 C:\xampp\htdocs\gradnet\vendor\yiisoft\yii2\base\Application.php(605): yii\di\ServiceLocator->get('assetManager')
#7 C:\xampp\htdocs\gradnet\vendor\yiisoft\yii2\web\View.php(225): yii\base\Application->getAssetManager()
#8 C:\xampp\htdocs\gradnet\vendor\yiisoft\yii2\base\Component.php(132): yii\web\View->getAssetManager()
#9 C:\xampp\htdocs\gradnet\vendor\yiisoft\yii2-debug\panels\AssetPanel.php(53): yii\base\Component->__get('assetManager')
#10 C:\xampp\htdocs\gradnet\vendor\yiisoft\yii2-debug\LogTarget.php(54): yii\debug\panels\AssetPanel->save()
#11 C:\xampp\htdocs\gradnet\vendor\yiisoft\yii2-debug\LogTarget.php(118): yii\debug\LogTarget->export()
#12 C:\xampp\htdocs\gradnet\vendor\yiisoft\yii2\log\Dispatcher.php(188): yii\debug\LogTarget->collect(Array, true)
#13 C:\xampp\htdocs\gradnet\vendor\yiisoft\yii2\log\Logger.php(177): yii\log\Dispatcher->dispatch(Array, true)
#14 [internal function]: yii\log\Logger->flush(true)
#15 {main}
2017-04-04 17:42:53 [::1][-][-][info][application] $_COOKIE = [
    '_csrf' => '3523840eb4d8a128bb5884b8858de43e6908cff4d4c28fe3ba90beb3d4a187a3a:2:{i:0;s:5:\"_csrf\";i:1;s:32:\"94e3gISllGr1WziMNy5aR9GJ5jGTe6aZ\";}'
]

$_SERVER = [
    'REDIRECT_MIBDIRS' => 'C:/xampp/php/extras/mibs'
    'REDIRECT_MYSQL_HOME' => '\\xampp\\mysql\\bin'
    'REDIRECT_OPENSSL_CONF' => 'C:/xampp/apache/bin/openssl.cnf'
    'REDIRECT_PHP_PEAR_SYSCONF_DIR' => '\\xampp\\php'
    'REDIRECT_PHPRC' => '\\xampp\\php'
    'REDIRECT_TMP' => '\\xampp\\tmp'
    'REDIRECT_STATUS' => '200'
    'MIBDIRS' => 'C:/xampp/php/extras/mibs'
    'MYSQL_HOME' => '\\xampp\\mysql\\bin'
    'OPENSSL_CONF' => 'C:/xampp/apache/bin/openssl.cnf'
    'PHP_PEAR_SYSCONF_DIR' => '\\xampp\\php'
    'PHPRC' => '\\xampp\\php'
    'TMP' => '\\xampp\\tmp'
    'HTTP_HOST' => 'localhost'
    'HTTP_CONNECTION' => 'keep-alive'
    'HTTP_CACHE_CONTROL' => 'no-cache'
    'HTTP_USER_AGENT' => 'Mozilla/5.0 (Windows NT 10.0) AppleWebKit/537.36 (KHTML, like Gecko) Chrome/57.0.2987.133 Safari/537.36'
    'HTTP_POSTMAN_TOKEN' => '28a703d5-540a-f101-b311-8c0f7f8cac7c'
    'HTTP_ACCEPT' => '*/*'
    'HTTP_ACCEPT_ENCODING' => 'gzip, deflate, sdch, br'
    'HTTP_ACCEPT_LANGUAGE' => 'en-US,en;q=0.8,es;q=0.6'
    'HTTP_COOKIE' => '_csrf=3523840eb4d8a128bb5884b8858de43e6908cff4d4c28fe3ba90beb3d4a187a3a%3A2%3A%7Bi%3A0%3Bs%3A5%3A%22_csrf%22%3Bi%3A1%3Bs%3A32%3A%2294e3gISllGr1WziMNy5aR9GJ5jGTe6aZ%22%3B%7D'
    'PATH' => 'C:\\ProgramData\\Oracle\\Java\\javapath;C:\\WINDOWS\\system32;C:\\WINDOWS;C:\\WINDOWS\\System32\\Wbem;C:\\WINDOWS\\System32\\WindowsPowerShell\\v1.0\\;C:\\Program Files\\QuickTime\\QTSystem\\;C:\\Program Files\\nodejs\\;C:\\WINDOWS\\system32\\config\\systemprofile\\.dnx\\bin;C:\\Program Files\\Microsoft DNX\\Dnvm\\;C:\\Program Files\\Microsoft SQL Server\\120\\Tools\\Binn\\;C:\\Program Files\\Windows Kits\\10\\Windows Performance Toolkit\\;C:\\Program Files\\dotnet\\;C:\\Users\\Yiicti\\AppData\\Local\\Programs\\Git\\cmd;C:\\Users\\Yiicti\\AppData\\Local\\atom\\bin;C:\\Users\\Yiicti\\AppData\\Local\\Programs\\Git\\cmd;C:\\Users\\Yiicti\\AppData\\Local\\Programs\\Git\\mingw32\\bin;C:\\Users\\Yiicti\\AppData\\Local\\Programs\\Git\\usr\\bin;C:\\xampp\\php;C:\\Users\\Yiicti\\AppData\\Local\\ComposerSetup\\bin;C:\\Program Files\\Microsoft VS Code\\bin;C:\\Users\\Yiicti\\AppData\\Roaming\\npm;%USERPROFILE%\\AppData\\Local\\Microsoft\\WindowsApps;'
    'SystemRoot' => 'C:\\WINDOWS'
    'COMSPEC' => 'C:\\WINDOWS\\system32\\cmd.exe'
    'PATHEXT' => '.COM;.EXE;.BAT;.CMD;.VBS;.VBE;.JS;.JSE;.WSF;.WSH;.MSC'
    'WINDIR' => 'C:\\WINDOWS'
    'SERVER_SIGNATURE' => '<address>Apache/2.4.18 (Win32) OpenSSL/1.0.2e PHP/7.0.3 Server at localhost Port 80</address>
'
    'SERVER_SOFTWARE' => 'Apache/2.4.18 (Win32) OpenSSL/1.0.2e PHP/7.0.3'
    'SERVER_NAME' => 'localhost'
    'SERVER_ADDR' => '::1'
    'SERVER_PORT' => '80'
    'REMOTE_ADDR' => '::1'
    'DOCUMENT_ROOT' => 'C:/xampp/htdocs'
    'REQUEST_SCHEME' => 'http'
    'CONTEXT_PREFIX' => ''
    'CONTEXT_DOCUMENT_ROOT' => 'C:/xampp/htdocs'
    'SERVER_ADMIN' => 'postmaster@localhost'
    'SCRIPT_FILENAME' => 'C:/xampp/htdocs/gradnet/api/web/index.php'
    'REMOTE_PORT' => '52394'
    'REDIRECT_URL' => '/gradnet/api/web/v1/experience'
    'GATEWAY_INTERFACE' => 'CGI/1.1'
    'SERVER_PROTOCOL' => 'HTTP/1.1'
    'REQUEST_METHOD' => 'GET'
    'QUERY_STRING' => ''
    'REQUEST_URI' => '/gradnet/api/web/v1/experience'
    'SCRIPT_NAME' => '/gradnet/api/web/index.php'
    'PHP_SELF' => '/gradnet/api/web/index.php'
    'REQUEST_TIME_FLOAT' => 1491342173.003
    'REQUEST_TIME' => 1491342173
]
2017-04-04 17:43:29 [::1][-][-][error][yii\base\InvalidConfigException] yii\base\InvalidConfigException: Missing required parameter "id" when instantiating "dektrium\user\Module". in C:\xampp\htdocs\gradnet\vendor\yiisoft\yii2\di\Container.php:460
Stack trace:
#0 C:\xampp\htdocs\gradnet\vendor\yiisoft\yii2\di\Container.php(370): yii\di\Container->resolveDependencies(Array, Object(ReflectionClass))
#1 C:\xampp\htdocs\gradnet\vendor\yiisoft\yii2\di\Container.php(156): yii\di\Container->build('dektrium\\user\\M...', Array, Array)
#2 C:\xampp\htdocs\gradnet\vendor\yiisoft\yii2\BaseYii.php(344): yii\di\Container->get('dektrium\\user\\M...', Array, Array)
#3 C:\xampp\htdocs\gradnet\vendor\yiisoft\yii2\di\ServiceLocator.php(135): yii\BaseYii::createObject(Array)
#4 C:\xampp\htdocs\gradnet\vendor\yiisoft\yii2\di\ServiceLocator.php(73): yii\di\ServiceLocator->get('user')
#5 C:\xampp\htdocs\gradnet\api\modules\v1\Module.php(12): yii\di\ServiceLocator->__get('user')
#6 C:\xampp\htdocs\gradnet\vendor\yiisoft\yii2\base\Object.php(107): api\modules\v1\Module->init()
#7 C:\xampp\htdocs\gradnet\vendor\yiisoft\yii2\base\Module.php(158): yii\base\Object->__construct(Array)
#8 [internal function]: yii\base\Module->__construct('v1', Object(yii\web\Application), Array)
#9 C:\xampp\htdocs\gradnet\vendor\yiisoft\yii2\di\Container.php(381): ReflectionClass->newInstanceArgs(Array)
#10 C:\xampp\htdocs\gradnet\vendor\yiisoft\yii2\di\Container.php(156): yii\di\Container->build('api\\modules\\v1\\...', Array, Array)
#11 C:\xampp\htdocs\gradnet\vendor\yiisoft\yii2\BaseYii.php(344): yii\di\Container->get('api\\modules\\v1\\...', Array, Array)
#12 C:\xampp\htdocs\gradnet\vendor\yiisoft\yii2\base\Module.php(423): yii\BaseYii::createObject(Array, Array)
#13 C:\xampp\htdocs\gradnet\vendor\yiisoft\yii2\base\Module.php(581): yii\base\Module->getModule('v1')
#14 C:\xampp\htdocs\gradnet\vendor\yiisoft\yii2\base\Module.php(517): yii\base\Module->createController('experience')
#15 C:\xampp\htdocs\gradnet\vendor\yiisoft\yii2\web\Application.php(102): yii\base\Module->runAction('v1/experience', Array)
#16 C:\xampp\htdocs\gradnet\vendor\yiisoft\yii2\base\Application.php(380): yii\web\Application->handleRequest(Object(yii\web\Request))
#17 C:\xampp\htdocs\gradnet\api\web\index.php(16): yii\base\Application->run()
#18 {main}
2017-04-04 17:43:29 [::1][-][-][info][application] $_COOKIE = [
    '_csrf' => '3523840eb4d8a128bb5884b8858de43e6908cff4d4c28fe3ba90beb3d4a187a3a:2:{i:0;s:5:\"_csrf\";i:1;s:32:\"94e3gISllGr1WziMNy5aR9GJ5jGTe6aZ\";}'
]

$_SERVER = [
    'REDIRECT_MIBDIRS' => 'C:/xampp/php/extras/mibs'
    'REDIRECT_MYSQL_HOME' => '\\xampp\\mysql\\bin'
    'REDIRECT_OPENSSL_CONF' => 'C:/xampp/apache/bin/openssl.cnf'
    'REDIRECT_PHP_PEAR_SYSCONF_DIR' => '\\xampp\\php'
    'REDIRECT_PHPRC' => '\\xampp\\php'
    'REDIRECT_TMP' => '\\xampp\\tmp'
    'REDIRECT_STATUS' => '200'
    'MIBDIRS' => 'C:/xampp/php/extras/mibs'
    'MYSQL_HOME' => '\\xampp\\mysql\\bin'
    'OPENSSL_CONF' => 'C:/xampp/apache/bin/openssl.cnf'
    'PHP_PEAR_SYSCONF_DIR' => '\\xampp\\php'
    'PHPRC' => '\\xampp\\php'
    'TMP' => '\\xampp\\tmp'
    'HTTP_HOST' => 'localhost'
    'HTTP_CONNECTION' => 'keep-alive'
    'HTTP_CACHE_CONTROL' => 'no-cache'
    'HTTP_USER_AGENT' => 'Mozilla/5.0 (Windows NT 10.0) AppleWebKit/537.36 (KHTML, like Gecko) Chrome/57.0.2987.133 Safari/537.36'
    'HTTP_POSTMAN_TOKEN' => '037ff043-3b0b-6d32-873d-e39323f504d0'
    'HTTP_ACCEPT' => '*/*'
    'HTTP_ACCEPT_ENCODING' => 'gzip, deflate, sdch, br'
    'HTTP_ACCEPT_LANGUAGE' => 'en-US,en;q=0.8,es;q=0.6'
    'HTTP_COOKIE' => '_csrf=3523840eb4d8a128bb5884b8858de43e6908cff4d4c28fe3ba90beb3d4a187a3a%3A2%3A%7Bi%3A0%3Bs%3A5%3A%22_csrf%22%3Bi%3A1%3Bs%3A32%3A%2294e3gISllGr1WziMNy5aR9GJ5jGTe6aZ%22%3B%7D'
    'PATH' => 'C:\\ProgramData\\Oracle\\Java\\javapath;C:\\WINDOWS\\system32;C:\\WINDOWS;C:\\WINDOWS\\System32\\Wbem;C:\\WINDOWS\\System32\\WindowsPowerShell\\v1.0\\;C:\\Program Files\\QuickTime\\QTSystem\\;C:\\Program Files\\nodejs\\;C:\\WINDOWS\\system32\\config\\systemprofile\\.dnx\\bin;C:\\Program Files\\Microsoft DNX\\Dnvm\\;C:\\Program Files\\Microsoft SQL Server\\120\\Tools\\Binn\\;C:\\Program Files\\Windows Kits\\10\\Windows Performance Toolkit\\;C:\\Program Files\\dotnet\\;C:\\Users\\Yiicti\\AppData\\Local\\Programs\\Git\\cmd;C:\\Users\\Yiicti\\AppData\\Local\\atom\\bin;C:\\Users\\Yiicti\\AppData\\Local\\Programs\\Git\\cmd;C:\\Users\\Yiicti\\AppData\\Local\\Programs\\Git\\mingw32\\bin;C:\\Users\\Yiicti\\AppData\\Local\\Programs\\Git\\usr\\bin;C:\\xampp\\php;C:\\Users\\Yiicti\\AppData\\Local\\ComposerSetup\\bin;C:\\Program Files\\Microsoft VS Code\\bin;C:\\Users\\Yiicti\\AppData\\Roaming\\npm;%USERPROFILE%\\AppData\\Local\\Microsoft\\WindowsApps;'
    'SystemRoot' => 'C:\\WINDOWS'
    'COMSPEC' => 'C:\\WINDOWS\\system32\\cmd.exe'
    'PATHEXT' => '.COM;.EXE;.BAT;.CMD;.VBS;.VBE;.JS;.JSE;.WSF;.WSH;.MSC'
    'WINDIR' => 'C:\\WINDOWS'
    'SERVER_SIGNATURE' => '<address>Apache/2.4.18 (Win32) OpenSSL/1.0.2e PHP/7.0.3 Server at localhost Port 80</address>
'
    'SERVER_SOFTWARE' => 'Apache/2.4.18 (Win32) OpenSSL/1.0.2e PHP/7.0.3'
    'SERVER_NAME' => 'localhost'
    'SERVER_ADDR' => '::1'
    'SERVER_PORT' => '80'
    'REMOTE_ADDR' => '::1'
    'DOCUMENT_ROOT' => 'C:/xampp/htdocs'
    'REQUEST_SCHEME' => 'http'
    'CONTEXT_PREFIX' => ''
    'CONTEXT_DOCUMENT_ROOT' => 'C:/xampp/htdocs'
    'SERVER_ADMIN' => 'postmaster@localhost'
    'SCRIPT_FILENAME' => 'C:/xampp/htdocs/gradnet/api/web/index.php'
    'REMOTE_PORT' => '52406'
    'REDIRECT_URL' => '/gradnet/api/web/v1/experience'
    'GATEWAY_INTERFACE' => 'CGI/1.1'
    'SERVER_PROTOCOL' => 'HTTP/1.1'
    'REQUEST_METHOD' => 'GET'
    'QUERY_STRING' => ''
    'REQUEST_URI' => '/gradnet/api/web/v1/experience'
    'SCRIPT_NAME' => '/gradnet/api/web/index.php'
    'PHP_SELF' => '/gradnet/api/web/index.php'
    'REQUEST_TIME_FLOAT' => 1491342209.524
    'REQUEST_TIME' => 1491342209
]
2017-04-04 17:43:29 [::1][-][-][warning][yii\log\Dispatcher::dispatch] Unable to send log via yii\debug\LogTarget: Exception (Invalid Configuration) 'yii\base\InvalidConfigException' with message 'The directory does not exist: C:/xampp/htdocs/gradnet/api/web/assets' 

in C:\xampp\htdocs\gradnet\vendor\yiisoft\yii2\web\AssetManager.php:213

Stack trace:
#0 C:\xampp\htdocs\gradnet\vendor\yiisoft\yii2\base\Object.php(107): yii\web\AssetManager->init()
#1 [internal function]: yii\base\Object->__construct(Array)
#2 C:\xampp\htdocs\gradnet\vendor\yiisoft\yii2\di\Container.php(375): ReflectionClass->newInstanceArgs(Array)
#3 C:\xampp\htdocs\gradnet\vendor\yiisoft\yii2\di\Container.php(156): yii\di\Container->build('yii\\web\\AssetMa...', Array, Array)
#4 C:\xampp\htdocs\gradnet\vendor\yiisoft\yii2\BaseYii.php(344): yii\di\Container->get('yii\\web\\AssetMa...', Array, Array)
#5 C:\xampp\htdocs\gradnet\vendor\yiisoft\yii2\di\ServiceLocator.php(135): yii\BaseYii::createObject(Array)
#6 C:\xampp\htdocs\gradnet\vendor\yiisoft\yii2\base\Application.php(605): yii\di\ServiceLocator->get('assetManager')
#7 C:\xampp\htdocs\gradnet\vendor\yiisoft\yii2\web\View.php(225): yii\base\Application->getAssetManager()
#8 C:\xampp\htdocs\gradnet\vendor\yiisoft\yii2\base\Component.php(132): yii\web\View->getAssetManager()
#9 C:\xampp\htdocs\gradnet\vendor\yiisoft\yii2-debug\panels\AssetPanel.php(53): yii\base\Component->__get('assetManager')
#10 C:\xampp\htdocs\gradnet\vendor\yiisoft\yii2-debug\LogTarget.php(54): yii\debug\panels\AssetPanel->save()
#11 C:\xampp\htdocs\gradnet\vendor\yiisoft\yii2-debug\LogTarget.php(118): yii\debug\LogTarget->export()
#12 C:\xampp\htdocs\gradnet\vendor\yiisoft\yii2\log\Dispatcher.php(188): yii\debug\LogTarget->collect(Array, true)
#13 C:\xampp\htdocs\gradnet\vendor\yiisoft\yii2\log\Logger.php(177): yii\log\Dispatcher->dispatch(Array, true)
#14 [internal function]: yii\log\Logger->flush(true)
#15 {main}
2017-04-04 17:43:29 [::1][-][-][info][application] $_COOKIE = [
    '_csrf' => '3523840eb4d8a128bb5884b8858de43e6908cff4d4c28fe3ba90beb3d4a187a3a:2:{i:0;s:5:\"_csrf\";i:1;s:32:\"94e3gISllGr1WziMNy5aR9GJ5jGTe6aZ\";}'
]

$_SERVER = [
    'REDIRECT_MIBDIRS' => 'C:/xampp/php/extras/mibs'
    'REDIRECT_MYSQL_HOME' => '\\xampp\\mysql\\bin'
    'REDIRECT_OPENSSL_CONF' => 'C:/xampp/apache/bin/openssl.cnf'
    'REDIRECT_PHP_PEAR_SYSCONF_DIR' => '\\xampp\\php'
    'REDIRECT_PHPRC' => '\\xampp\\php'
    'REDIRECT_TMP' => '\\xampp\\tmp'
    'REDIRECT_STATUS' => '200'
    'MIBDIRS' => 'C:/xampp/php/extras/mibs'
    'MYSQL_HOME' => '\\xampp\\mysql\\bin'
    'OPENSSL_CONF' => 'C:/xampp/apache/bin/openssl.cnf'
    'PHP_PEAR_SYSCONF_DIR' => '\\xampp\\php'
    'PHPRC' => '\\xampp\\php'
    'TMP' => '\\xampp\\tmp'
    'HTTP_HOST' => 'localhost'
    'HTTP_CONNECTION' => 'keep-alive'
    'HTTP_CACHE_CONTROL' => 'no-cache'
    'HTTP_USER_AGENT' => 'Mozilla/5.0 (Windows NT 10.0) AppleWebKit/537.36 (KHTML, like Gecko) Chrome/57.0.2987.133 Safari/537.36'
    'HTTP_POSTMAN_TOKEN' => '037ff043-3b0b-6d32-873d-e39323f504d0'
    'HTTP_ACCEPT' => '*/*'
    'HTTP_ACCEPT_ENCODING' => 'gzip, deflate, sdch, br'
    'HTTP_ACCEPT_LANGUAGE' => 'en-US,en;q=0.8,es;q=0.6'
    'HTTP_COOKIE' => '_csrf=3523840eb4d8a128bb5884b8858de43e6908cff4d4c28fe3ba90beb3d4a187a3a%3A2%3A%7Bi%3A0%3Bs%3A5%3A%22_csrf%22%3Bi%3A1%3Bs%3A32%3A%2294e3gISllGr1WziMNy5aR9GJ5jGTe6aZ%22%3B%7D'
    'PATH' => 'C:\\ProgramData\\Oracle\\Java\\javapath;C:\\WINDOWS\\system32;C:\\WINDOWS;C:\\WINDOWS\\System32\\Wbem;C:\\WINDOWS\\System32\\WindowsPowerShell\\v1.0\\;C:\\Program Files\\QuickTime\\QTSystem\\;C:\\Program Files\\nodejs\\;C:\\WINDOWS\\system32\\config\\systemprofile\\.dnx\\bin;C:\\Program Files\\Microsoft DNX\\Dnvm\\;C:\\Program Files\\Microsoft SQL Server\\120\\Tools\\Binn\\;C:\\Program Files\\Windows Kits\\10\\Windows Performance Toolkit\\;C:\\Program Files\\dotnet\\;C:\\Users\\Yiicti\\AppData\\Local\\Programs\\Git\\cmd;C:\\Users\\Yiicti\\AppData\\Local\\atom\\bin;C:\\Users\\Yiicti\\AppData\\Local\\Programs\\Git\\cmd;C:\\Users\\Yiicti\\AppData\\Local\\Programs\\Git\\mingw32\\bin;C:\\Users\\Yiicti\\AppData\\Local\\Programs\\Git\\usr\\bin;C:\\xampp\\php;C:\\Users\\Yiicti\\AppData\\Local\\ComposerSetup\\bin;C:\\Program Files\\Microsoft VS Code\\bin;C:\\Users\\Yiicti\\AppData\\Roaming\\npm;%USERPROFILE%\\AppData\\Local\\Microsoft\\WindowsApps;'
    'SystemRoot' => 'C:\\WINDOWS'
    'COMSPEC' => 'C:\\WINDOWS\\system32\\cmd.exe'
    'PATHEXT' => '.COM;.EXE;.BAT;.CMD;.VBS;.VBE;.JS;.JSE;.WSF;.WSH;.MSC'
    'WINDIR' => 'C:\\WINDOWS'
    'SERVER_SIGNATURE' => '<address>Apache/2.4.18 (Win32) OpenSSL/1.0.2e PHP/7.0.3 Server at localhost Port 80</address>
'
    'SERVER_SOFTWARE' => 'Apache/2.4.18 (Win32) OpenSSL/1.0.2e PHP/7.0.3'
    'SERVER_NAME' => 'localhost'
    'SERVER_ADDR' => '::1'
    'SERVER_PORT' => '80'
    'REMOTE_ADDR' => '::1'
    'DOCUMENT_ROOT' => 'C:/xampp/htdocs'
    'REQUEST_SCHEME' => 'http'
    'CONTEXT_PREFIX' => ''
    'CONTEXT_DOCUMENT_ROOT' => 'C:/xampp/htdocs'
    'SERVER_ADMIN' => 'postmaster@localhost'
    'SCRIPT_FILENAME' => 'C:/xampp/htdocs/gradnet/api/web/index.php'
    'REMOTE_PORT' => '52406'
    'REDIRECT_URL' => '/gradnet/api/web/v1/experience'
    'GATEWAY_INTERFACE' => 'CGI/1.1'
    'SERVER_PROTOCOL' => 'HTTP/1.1'
    'REQUEST_METHOD' => 'GET'
    'QUERY_STRING' => ''
    'REQUEST_URI' => '/gradnet/api/web/v1/experience'
    'SCRIPT_NAME' => '/gradnet/api/web/index.php'
    'PHP_SELF' => '/gradnet/api/web/index.php'
    'REQUEST_TIME_FLOAT' => 1491342209.524
    'REQUEST_TIME' => 1491342209
]
